[  000000]Inialiincgup subyspuet
[    0.000000]nialzinggrup sbsys cpu
  0.0000] Initializing cgroup subsycpcc
[   0000] Liux vsin 4..089genec uidd@l01md64-047) ccvesion 5.4.0 20160609 (Ubuntu 5.4.0-6ubunt1~16.04.12) ) #219-Ubuntu SMP Tue Aug 11 12:26:50 UTC 2020 (Ubuntu 4.4.0-189.219-generic 4.4.232)
[    0.000000] Command line: BOOT_IMAGE=/boot/vmlinuz-4.4.0-189-generic root=LABEL=cloudimg-rootfs ro console=tty1 console=ttyS0
[    0.000000] KERNEL supported cpus:
[    0.000000]   Intel GenuineIntel
[    0.000000]   AMD AuthenticAMD
[    0.000000]   Centaur CentaurHauls
[    0.000000] x86/fpu: xstate_offset[2]  576, xstate_sizes[2]:  256
[    0.000000] x86/fpu: Supporting XSAVE feature 0x01: 'x87 floating point registers'
[    0.000000] x86/fpu: Supporting XSAVE feature 0x02: 'SSE registers'
[    0.000000] x86/fpu: Supporting XSAVE feature 0x04: 'AVX registers'
[    0.000000] x86/fpu: Enabled xstate features 0x7, context size is 832 bytes, using 'standard' format.
[    0.000000] e820: BIOS-provided physical RAM map:
[    0.000000] BIOS-e820: [mem 0x0000000000000000-0x000000000009fbff] usable
[    0.000000] BIOS-e820: [mem 0x000000000009fc00-0x000000000009ffff] reserved
[    0.000000] BIOS-e820: [mem 0x00000000000f0000-0x00000000000fffff] reservd
[    0.0000]IOS-e820:[mm 0x0000000000100000-0x000000003ffeffff] usable
[    .000] BIOSe820[mem 0x000000003fff0000-0x000000003fffffff] ACPI data
[    0.000000] BIOS-e820: [mm 000000c0000x000000c0fff] reserv
   0.0000]IO-e820:[mem0x000000fe0000-00000fee0ffreerved   0.000 BOS82 [mm 0x0000ffc0000-0x00000ffffff rered
    0.000] NX (Execute Disable) protection: active
[    0.000000] SMBIOS 2.5 present.
[    0.000000] Hypervisor detected: KVM
[    0.000000] e820: last_pfn = 0x3fff0 max_arch_pfn = 0x400000000
[    0.000000] MTRR: Disabled
[    0.000000] x86/PAT: MTRRs disabled, skipping PAT initialization too.
[    0.000000] CPU MTRRs all blank - virtualized system.
[    0.000000] x86/PAT: Configuration [0-7]: WB  WT  UC- UC  WB  WT  UC- UC  
[    0.000000] found SMP MP-table at [mem 0x0009fff0-0x0009ffff] mapped at [ffff88000009fff0]
[    0.000000] Scanning 1 areas for low memory corruption
[    0.000000] RAMDISK: [mem 0x362de000-0x37166fff]
[    0.000000] ACPI: Early table checksum verification disabled
[    0.000000] ACPI: RSDP 0x00000000000E0000 000024 (v02 VBOX  )
[    0.000000] ACPI: XSDT 0x000000003FFF0030 00003C (v01 VBOX   VBOXXSDT 00000001 ASL  00000061)
[    0.000000] ACPI: FACP 0x000000003FFF00F0 0000F4 (v04 VBOX   VBOXFACP 00000001 ASL  00000061)
[    0.000000] ACPI: DSDT 0x000000003FFF0470 0021FF (v02 VBOX   VBOXBIOS 00000002 INTL 20100528)
[    0.000000] ACPI: FACS 0x000000003FFF0200 000040
[    0.000000] ACPI: FACS 0x000000003FFF0200 000040
[    0.000000] ACPI: APIC 0x000000003FFF0240 00005C (v02 VBOX   VBOXAPIC 00000001 ASL  00000061)
[    0.000000] ACPI: SSDT 0x000000003FFF02A0 0001CC (v01 VBOX   VBOXCPUT 00000002 INTL 20100528)
[    0.000000] No NUMA configuration found
[    0.000000] Faking a node at [mem 0x0000000000000000-0x000000003ffeffff]
[    0.000000] NODE_DATA(0) allocated [mem 0x3ffeb000-0x3ffeffff]
[    0.000000] kvm-clock: Using msrs 4b564d01 and 4b564d00
[    0.000000] kvm-clock: cpu 0, msr 0:3ffe3001, primary cpu clock
[    0.000000] kvm-clock: using sched offset of 3641372096 cycles
[    0.000000] clocksource: kvm-clock: mask: 0xffffffffffffffffmax_cycles: 0x1cd42e4dffb, max_idle_ns: 881590591483 ns
[    0.000000] Zone ranges:
[    0.000000]   DMA      [mem 0x0000000000001000-0x0000000000ffffff]
[    0.000000]   DMA32    [mem 0x0000000001000000-0x000000003ffeffff]
[    0.000000]   Normal   empty
[    0.000000]   Device   empty
[    0.000000] Movable zone start for each node
[    0.000000] Early memory node ranges
[    0.000000]   node   0: [mem 0x0000000000001000-0x000000000009efff]
[    0.00000]   node   0:[m 000000001000-000003ffeff]
[  0.000] Iniemetupod0 mem 00000000000x000000ffff]]
  0.0000] CPI:M-imerIOor: 0x08
[    0000 IOAC[: ap_i2, versi 32, adrs 0xfec00000, GSI 0-23
[    0.000000] ACPI: INT_SRC_OVR (bus 0 bus_irq 0 global_irq 2 dfl dfl)
[    0.000000] ACPI: NT_SRC_OVR (bus 0 bus_irq9 global_irq 9 low level)
[    0.000000] Using ACPI (MADT)for SMP configuration information
[    0.000000] smpboot: Allowing 2 CPUs, 0 hotplug CPUs
[    0.000000] PM: Regstre nsaveemy: [mem 000000-0x00ff]
  0.00000] P Rgisterednovememory [m 0x0900-0x000ff
[   .0000]M: Register nose mory[m 0x000000x000effff]
[    0.00000] PMResterednovememoy:me0x000f0000-0x000fffff]
[    0.0000 e82: [mem 0x40000000-0xfebfffff] available for PCI devices
[    0.000000] Booting paravirtualized kernel on KVM
[    0.000000] clocksource: refined-jiffies: mask: 0xffffffff max_cycles: 0xffffffff, max_idle_ns: 7645519600211568 ns
[    0.000000] setup_percpu: NR_CPUS:512 nr_cpumask_bits:512 nr_cpu_ids:2 nr_node_ids:1
[    0.000000] PERCPU: Embedded 33 pages/cpu @ffff88003fc00000 s95512 r8192 d31464 u1048576
[    0.000000] Built 1 zonelists in odorer, bitygrouinon Totalpaes2579
  0.0000 Picy zoe:MA2
[    0.000] Keelomma le: BT_AGE=bo/vlinu4.0-18-gerc oot=BEcloudimg-ot ro console=tty1 console=ttyS0
[   0.000] D ha tleentrs:096 (oer: 3, 32768 bytes)
[    0.000000] Memory: 997660K/1048120K available (8636K kernel code, 1337K rwdata, 4040K rodata, 1492K init, 1296K bss, 50460K reserved, 0K cma-reserved)
[    0.000000] SLUB: HWalign=64, Order=0-3, MinObjects=0, CPUs=2, Nodes=1
[    0.000000] Kernel/User page tables isolation: enabled
[    0.000000] Hierarchical RCU implementation.
[    0.000000] 	Build-time adjustment of leaf fanout to 64.
[    0.000000] 	RCU restricting CPUs fr NR_CPUS=512 to nr_cpu_ids=2.
[    0.000000] RCU: Adjusting geometry for rcu_fanout_leaf=64, nr_cpu_ids=2
[    0.000000] NR_IRQS:33024 nr_irq:40 
[    0.00000] Console:olr VG 825
[    0.000000 conol [y1] abd
[  0.0000 consolettyS] abed
  0.0000] tsc: Detected 2207.998 MHz processor
[    5.889858] Calibrating delay loop (skipped) preset value.. 4415.99 BogoMIPS (lpj=8831992)
[    6.073251] pid_max: default: 32768 minimum: 301
[    6.192567] ACPI: Core revision 20150930
[    6.291300] ACPI: 2 ACPI AML tables successfully acquired and loaded
[    6.328721] Security Framework initialized
[    6.329617] Yama: becoming mindful.
[    6.330413] AppArmor: AppArmor initialized
[    6.331333] Dentry cache hash table entries: 131072 (order: 8, 1048576 bytes)
[    6.334016] Inode-cache hash table entries: 65536 (order: 7, 524288 bytes)
[    6.335429] Mount-cache hash table entries: 2048 (order: 2, 16384 bytes)
[    6.336716] Mountpoint-cache hash table entries: 2048 (order: 2, 16384 bytes)
[    6.338171] Initializing cgroup subsys io
[    6.339051] Initializing cgroup subsys memory
[    6.339954] Initializing cgroup subsys devices
[    6.340880] Initializing cgroup subsys freezer
[    6.341852] Initializing cgroup subsys net_cls
[    6.342813] Initializing cgroup subsys perf_event
[    6.343769] Initializing cgroup subsys net_prio
[    6.344748] Initializing cgroup subsys hugetlb
[    6.345662] Initializing cgroup subsys pids
[    6.358453] mce: CPU supports 0 MCE banks
[    6.359376] Last level iTLB entries: 4KB 64, 2MB 8, 4MB 8
[    6.360443] Last level dTLB entries: 4KB 64, 2MB 0, 4MB 0, 1GB 4
[    6.361707] Spectre V1 : Mitigation: usercopy/swapgs barriers and __user pointer sanitization
[    6.363504] Spectre V2 : Mitigation: Full generic retpoline
[    6.364605] Spectre V2 : Spectre v2 / SpectreRSB mitigation: Filling RSB on context switch
[    6.366322] Speculative Store Bypass: Vulnerable
[    6.367317] SRBDS: Unknown: Dependent on hypervisor status
[    6.368459] MDS: Mitigation: Clear CPU buffers
[    6.371254] Freeing SMP alternatives memory: 36K
[    6.376583] ftrace: allocating 32336 entries in 127 pages
[    6.524297] smpboot: APIC(0) Converting physical 0 to logical package 0
[    6.696910] smpboot: Max logical packages: 1
[    6.782862] x2apic enabled
[    6.863006] Switched APIC routing to physical x2apic.
[    6.991466] ..TIMER: vector=0x30 apic1=0 pin1=2 apic2=-1 pin2=-1
[    7.171783] smpboot: CPU0: Intel(R) Core(TM) i7-8750H CPU @ 2.20GHz (family: 0x6, model: 0x9e, stepping: 0xa)
[    7.348147] Performance Events: unsupported p6 CPU model 158 no PMU driver, software events only.
[    7.428874] KVM setup paravirtual spinlock
[    7.430788] x86: Booting SMP configuration:
[    7.431723] .... node  #0, CPUs:      #1
[    7.432731] kvm-clock: cpu 1, msr 0:3ffe3041, secondary cpu clock
[    7.447605] mce: CPU supports 0 MCE banks
[    7.454293] x86: Booted up 1 node, 2 CPUs
[    7.455353] smpboot: Total of 2 processors activated (8831.99 BogoMIPS)
[    7.457008] devtmpfs: initialized
[    7.459137] evm: security.selinux
[    7.459902] evm: security.SMACK64
[    7.460649] evm: security.SMACK64EXEC
[    7.461434] evm: security.SMACK64TRANSMUTE
[    7.462394] evm: security.SMACK64MMAP
[    7.463234] evm: security.ima
[    7.463979] evm: security.capability
[    7.464950] clocksource: jiffies: mask: 0xffffffff max_cycles: 0xffffffff, max_idle_ns: 7645041785100000 ns
[    7.466847] futex hash table entries: 512 (order: 3, 32768 bytes)
[    7.468213] pinctrl core: initialized pinctrl subsystem
[    7.469330] RTC time: 12:26:43, date: 09/14/20
[    7.470535] NET: Registered protocol family 16
[    7.479704] cpuidle: using governor ladder
[    7.588276] cpuidle: using governor menu
[    7.691117] PCCT header not found.
[    7.775961] ACPI: bus type PCI registered
[    7.844709] acpiphp: ACPI Hot Plug PCI Controller Driver version: 0.5
[    7.982530] PCI: Using configuration type 1 for base access
[    8.117002] ACPI: Added _OSI(Module Device)
[    8.194397] ACPI: Added _OSI(Processor Device)
[    8.308556] ACPI: Added _OSI(3.0 _SCP Extensions)
[    8.402274] ACPI: Added _OSI(Processor Aggregator Device)
[    8.486093] ACPI: Executed 1 blocks of module-level executable AML code
[    8.512425] ACPI: Interpreter enabled
[    8.513262] ACPI: (supports S0 S5)
[    8.514037] ACPI: Using IOAPIC for interrupt routing
[    8.515191] PCI: Using host bridge windows from ACPI; if necessary, use "pci=nocrs" and report a bug
[    8.520548] ACPI: PCI Root Bridge [PCI0] (domain 0000 [bus 00-ff])
[    8.521783] acpi PNP0A03:00: _OSC: OS supports [ASPM ClockPM Segments MSI]
[    8.523114] acpi PNP0A03:00: _OSC: not requesting OS control; OS requires [ExtendedConfig ASPM ClockPM MSI]
[    8.525033] acpi PNP0A03:00: fail to add MMCONFIG information, can't access extended PCI configuration space under this bridge.
[    8.527562] PCI host bridge to bus 0000:00
[    8.528515] pci_bus 0000:00: root bus resource [io  0x0000-0x0cf7 window]
[    8.529846] pci_bus 0000:00: root bus resource [io  0x0d00-0xffff window]
[    8.531245] pci_bus 0000:00: root bus resource [mem 0x000a0000-0x000bffff window]
[    8.532794] pci_bus 0000:00: root bus resource [mem 0x40000000-0xfdffffff window]
[    8.535478] pci_bus 0000:00: root bus resource [bus 00-ff]
[    8.538841] pci 0000:00:01.1: legacy IDE quirk: reg 0x10: [io  0x01f0-0x01f7]
[    8.540201] pci 0000:00:01.1: legacy IDE quirk: reg 0x14: [io  0x03f6]
[    8.541673] pci 0000:00:01.1: legacy IDE quirk: reg 0x18: [io  0x0170-0x0177]
[    8.550230] pci 0000:00:01.1: legacy IDE quirk: reg 0x1c: [io  0x0376]
[    8.637064] pci 0000:00:07.0: quirk: [io  0x4000-0x403f] claimed by PIIX4 ACPI
[    8.775528] pci 0000:00:07.0: quirk: [io  0x4100-0x410f] claimed by PIIX4 SMB
[    8.957834] ACPI: PCI Interrupt Link [LNKA] (IRQs 5 9 10 *11)
[    9.019036] ACPI: PCI Interrupt Link [LNKB] (IRQs 5 9 *10 11)
[    9.026557] ACPI: PCI Interrupt Link [LNKC] (IRQs 5 *9 10 11)
[    9.028200] ACPI: PCI Interrupt Link [LNKD] (IRQs 5 9 10 *11)
[    9.094085] ACPI: Enabled 2 GPEs in block 00 to 07
[    9.178879] vgaarb: setting as boot device: PCI:0000:00:02.0
[    9.316941] vgaarb: device added: PCI:0000:00:02.0,decodes=io+mem,owns=io+mem,locks=none
[    9.441332] vgaarb: loaded
[    9.447441] vgaarb: bridge control possible 0000:00:02.0
[    9.482470] SCSI subsystem initialized
[    9.485364] ACPI: bus type USB registered
[    9.489354] usbcore: registered new interface driver usbfs
[    9.495876] usbcore: registered new interface driver hub
[    9.496990] usbcore: registered new device driver usb
[    9.501417] PCI: Using ACPI for IRQ routing
[    9.565256] NetLabel: Initializing
[    9.604114] NetLabel:  domain hash size = 128
[    9.605039] NetLabel:  protocols = UNLABELED CIPSOv4
[    9.607289] NetLabel:  unlabeled traffic allowed by default
[    9.608539] amd_nb: Cannot enumerate AMD northbridges
[    9.609642] clocksource: Switched to clocksource kvm-clock
[    9.616846] AppArmor: AppArmor Filesystem Enabled
[    9.618120] pnp: PnP ACPI init
[    9.619814] pnp: PnP ACPI: found 3 devices
[    9.631420] clocksouce ai_pm: mask:0xff m_cle 0fffff, mx_idle_ns: 2085701024 s
[  0.84] T:egteed ptol mi 2

[   10.539981TCesblhehash tableentries: 8192 (order: 4, 65536 bytes)

[   10.991]CPind hash table entries: 8192 (order: 5, 131072 bytes)
[   0.511]TC Hh bl cnfur (stablished 92in812)[ 113874]DPhah table entries: 512 (order: 2, 16384 bytes)
[   11.775974] UDP-Lite hash table entries: 512 (order: 2, 16384 bytes)
[   11.777819] NET: Registered protocol family 1
[   11.779295] pci 0000:00:00.0: Limiting direct PCI/PCI transfers
[   11.780871] pci 0000:00:01.0: Activating ISA DMA hang workarounds
[   11.782919] Unpacking initramfs..

[   12.096663] Freeing initrd memory: 14884K
[   12.114934] clocksource: tsc: mask: 0xffffffffffffffff max_cycles: 0x1fd3b6211b4, max_idle_ns: 440795230313 ns
[   12.120003] platform rtc_cmos: registered platform RTC device (no PNP device found)
[   12.122286] Scanning for low memory corruption every 60 seconds
[   12.124505] audit: initializing netlink subsys (disabled)
[   12.126109] audit: type=2000 audit(1600086403.729:1): initialized
[   12.128210] Initialise system trusted keyring
[   12.129748] HugeTLB registered 2 MB page size, pre-allocated 0 pages
[   12.137152] zbud: loaded
[   12.138615] VFS: Disk quotas dquot_6.6.0
[   12.140021] VFS: Dquot-cache hash table entries: 512 (order 0, 4096 bytes)
[   12.143969] squashfs: version 4.0 (2009/01/31) Phillip Lougher
[   12.146933] fuse init (API version 7.23)
[   12.157647] Key type big_key registered
[   12.163241] Allocating IMA MOK and blacklist keyrings.
[   12.209563] Key type asymmetric registered
[   12.247496] Asymmetric key parser 'x509' registered
[   12.319026] Block layer SCSI generic (bsg) driver version 0.4 loaded (major 249)
[   12.427922] io scheduler noop registered
[   12.482609] io scheduler deadline registered (default)
[   12.579256] io scheduler cfq registered
[   12.610122] pci_hotplug: PCI Hot Plug PCI Core version: 0.5
[   12.661588] pciehp: PCI Express Hot Plug Controller Driver version: 0.4
[   12.752944] ACPI: AC Adapter [AC] (on-line)
[   12.819293] input: Power Button as /devices/LNXSYSTM:00/LNXPWRBN:00/input/input0
[   12.893342] ACPI: Power Button [PWRF]
[   12.901662] input: Sleep Button as /devices/LNXSYSTM:00/LNXSLPBN:00/input/input1
[   12.903292] ACPI: Sleep Button [SLPF]
[   12.905296] ACPI: Battery Slot [BAT0] (battery present)
[   12.906473] GHES: HEST is not enabled!
[   12.907431] Serial: 8250/16550 driver, 32 ports, IRQ sharing enabled
[   12.931896] 00:02: ttyS0 at I/O 0x3f8 (irq = 4, base_baud = 115200) is a 16550A
[   12.999861] Linux agpgart interface v0.103
[   13.003036] loop: module loaded
[   13.004678] scsi host0: ata_piix
[   13.005852] scsi host1: ata_piix
[   13.006906] ata1: PATA max UDMA/33 cmd 0x1f0 ctl 0x3f6 bmdma 0xd000 irq 14
[   13.008728] ata2: PATA max UDMA/33 cmd 0x170 ctl 0x376 bmdma 0xd008 irq 15
[   13.010720] libphy: Fixed MDIO Bus: probed
[   13.012079] tun: Universal TUN/TAP device driver, 1.6
[   13.013752] tun: (C) 1999-2004 Max Krasnyansky <maxk@qualcomm.com>
[   13.019157] PPP generic driver version 2.4.2
[   13.021062] ehci_hcd: USB 2.0 'Enhanced' Host Controller (EHCI) Driver
[   13.024508] ehci-pci: EHCI PCI platform driver
[   13.026939] ehci-platform: EHCI generic platform driver
[   13.029532] ohci_hcd: USB 1.1 'Open' Host Controller (OHCI) Driver
[   13.036149] ohci-pci: OHCI PCI platform driver
[   13.044999] ohci-platform: OHCI generic platform driver
[   13.053997] uhci_hcd: USB Universal Host Controller Interface driver
[   13.055856] i8042: PNP: PS/2 Controller [PNP0303:PS2K,PNP0f03:PS2M] at 0x60,0x64 irq 1,12
[   13.059009] serio: i8042 KBD port at 0x60,0x64 irq 1
[   13.062055] serio: i8042 AUX port at 0x60,0x64 irq 12
[   13.063575] mousedev: PS/2 mouse device common for all mice
[   13.087491] rtc_cmos rtc_cmos: rtc core: registered rtc_cmos as rtc0
[   13.105894] rtc_cmos rtc_cmos: alarms up to one day, 114 bytes nvram
[   13.123696] i2c /dev entries driver
[   13.131860] input: AT Translated Set 2 keyboard as /devices/platform/i8042/serio0/input/input2
[   13.166646] device-mapper: uevent: version 1.0.3
[   13.166710] device-mapper: ioctl: 4.34.0-ioctl (2015-10-28) initialised: dm-devel@eedhat.com
[   13.166727] ledtrig-cpu: registered to indicate activity on CPUs
[   13.166960] NET: Registered protocol family 10
[   13.167148] NET: Registered protocol family 17
[   13.167177] Key type dns_resolver registered
[   13.167360] registered taskstats version 1
[   13.167375] Loading compiled-in X.509 certificates
[   13.167864] Loaded X.509 cert 'Build time autogenerated kernel key: 06f0812676e66a24038557b34a5a5205bffb6390'
[   13.167876] zswap: loaded using pool lzo/zbud
[   13.169231] Key type trusted registered
[   13.171616] Key type encrypted registered
[   13.171622] AppArmor: AppArmor sha1 policy hashing enabled
[   13.171624] ima: No TPM chip found, activating TPM-bypass!
[   13.171649] ima: Allocated hash algorithm: sha1
[   13.171659] evm: HMAC attrs: 0x1
[   13.172051]   Magic number: 4:716:430
[   13.172407] rtc_cmos rtc_cmos: setting system clock to 2020-09-14 12:26:48 UTC (1600086408)
[   13.172466] BIOS EDD facility v0.16 2004-Jun-25, 0 devices found
[   13.172466] EDD information not available.
[   14.130543] Freeing unused kernel memory: 1492K
[   14.137817] Write protecting the kernel read-only data: 14336k
[   14.140746] Freeing unused kernel memory: 1592K
[   14.142450] Freeing unused kernel memory: 56K
Loading, please wait...
starting version 229
[   14.160464] random: systemd-udevd: uninitialized urandom read (16 bytes read, 5 bits of entropy available)
[   14.163176] random: udevadm: uninitialized urandom read (16 bytes read, 5 bits of entropy available)
[   14.163219] random: udevadm: uninitialized urandom read (16 bytes read, 5 bits of entropy available)
[   14.173734] random: udevadm: uninitialized urandom read (16 bytes read, 5 bits of entropy available)
[   14.173792] random: udevadm: uninitialized urandom read (16 bytes read, 5 bits of entropy available)
[   14.174022] random: udevadm: uninitialized urandom read (16 bytes read, 5 bits of entropy available)
[   14.174100] random: udevadm: uninitialized urandom read (16 bytes read, 5 bits of entropy available)
[   14.174165] random: udevadm: uninitialized urandom read (16 bytes read, 5 bits of entropy available)
[   14.174238] random: udevadm: uninitialized urandom read (16 bytes read, 5 bits of entropy available)
[   14.174381] random: udevadm: uninitialized urandom read (16 bytes read, 5 bits of entropy available)
[   15.278218] Fusion MPT base driver 3.04.20
[   15.279859] Copyright (c) 1999-2008 LSI Corporation
[   15.281700] e1000: Intel(R) PRO/1000 Network Driver - version 7.3.21-k8-NAPI
[   15.284044] e1000: Copyright (c) 1999-2006 Intel Corporation.
[   15.296564] Fusion MPT SPI Host driver 3.04.20
[   15.364474] AVX2 version of gcm_enc/dec engaged.
[   15.483300] AES CTR mode by8 optimization enabled
[   15.605811] input: ImExPS/2 Generic Explorer Mouse as /devices/platform/i8042/serio1/input/input4
[   15.882446] e1000 0000:00:03.0 eth0: (PCI:33MHz:32-bit) 02:8f:67:5f:07:a5
[   16.022410] e1000 0000:00:03.0 eth0: Intel(R) PRO/1000 Network Connection
[   16.444120] e1000 0000:00:08.0 eth1: (PCI:33MHz:32-bit) 08:00:27:0f:4e:0d
[   16.556922] e1000 0000:00:08.0 eth1: Intel(R) PRO/1000 Network Connection
[   16.560231] mptbase: ioc0: Initiating bringup
[   16.560675] e1000 0000:00:08.0 enp0s8: renamed from eth1
[   16.655041] e1000 0000:00:03.0 enp0s3: renamed from eth0
[   16.828031] ioc0: LSI53C1030 A0: Capabilities={Initiator}
[   17.487557] scsi host2: ioc0: LSI53C1030 A0, FwRev=00000000h, Ports=1, MaxQ=256, IRQ=20
[   17.598259] scsi 2:0:0:0: Direct-Access     VBOX     HARDDISK         1.0  PQ: 0 ANSI: 5
[   17.796544] scsi target2:0:0: Beginning Domain Validation
[   17.892441] scsi target2:0:0: Domain Validation skipping write tests
[   17.893654] scsi target2:0:0: Ending Domain Validation
[   18.008829] scsi target2:0:0: asynchronous
[   18.563391] scsi 2:0:1:0: Direct-Access     VBOX     HARDDISK         1.0  PQ: 0 ANSI: 5
[   19.511434] scsi target2:0:1: Beginning Domain Validation
[   19.566489] scsi target2:0:1: Domain Validation skipping write tests
[   20.517763] scsi target2:0:1: Ending Domain Validation
[   21.400649] scsi target2:0:1: asynchronous
[   22.249658] sd 2:0:0:0: Attached scsi generic sg0 type 0
[   22.251509] sd 2:0:0:0: [sda] 20971520 512-byte logical blocks: (10.7 GB/10.0 GiB)
[   22.253179] sd 2:0:1:0: [sdb] 20480 512-byte logical blocks: (10.5 MB/10.0 MiB)
[   22.253697] sd 2:0:1:0: Attached scsi generic sg1 type 0
[   22.462800] sd 2:0:0:0: [sda] Write Protect is off
[   22.462883] sd 2:0:1:0: [sdb] Write Protect is off
[   22.463018] sd 2:0:1:0: [sdb] Incomplete mode parameter data
[   22.463019] sd 2:0:1:0: [sdb] Assuming drive cache: write through
[   22.561192] sd 2:0:1:0: [sdb] Attached SCSI disk
[   22.724964] sd 2:0:0:0: [sda] Incomplete mode parameter data
[   22.726116] sd 2:0:0:0: [sda] Assuming drive cache: write through
[   22.729864]  sda: sda1
[   22.731157] sd 2:0:0:0: [sda] Attached SCSI disk
Begin: Loading e[   24.004052] md: linear personality registered for level -1
ssential drivers ... [   24.042727] md: multipath personality registered for level -4
[   24.046172] md: raid0 personality registered for level 0
[   24.050414] md: raid1 personality registered for level 1
[   24.121862] raid6: sse2x1   gen() 12119 MB/s
[   24.282181] raid6: sse2x1   xor()  9678 MB/s
[   24.409723] raid6: sse2x2   gen() 16187 MB/s
[   24.569861] raid6: sse2x2   xor() 11455 MB/s
[   24.686158] raid6: sse2x4   gen() 18833 MB/s
[   24.837665] raid6: sse2x4   xor() 12633 MB/s
[   24.962230] raid6: avx2x1   gen() 22264 MB/s
[   25.086135] raid6: avx2x2   gen() 29936 MB/s
[   25.189864] raid6: avx2x4   gen() 29864 MB/s
[   25.262273] raid6: using algorithm avx2x2 gen() 29936 MB/s
[   25.365193] raid6: using avx2x2 recovery algorithm
[   25.449405] xor: automatically using best checksumming function:
[   25.657790]    avx       : 60412.000 MB/sec
[   25.746867] async_tx: api initialized (async)
[   25.851409] md: raid6 personality registered for level 6
[   25.907717] md: raid5 personality registered for level 5
[   26.021086] md: raid4 personality registered for level 4
[   26.139848] md: raid10 personality registered for level 10
done.
Begin: Running /scripts/init-premount ... done.
Begin: Mounting root file system ... Begin: Running /scripts/local-top ... done.
Begin: Running /scripts/local-premount ... [   26.256658] Btrfs loaded
Scanning for Btrfs filesystems
done.
Warning: fsck not present, so skipping root file system
[   26.282584] EXT4-fs (sda1): mounted filesystem with ordered data mode. Opts: (null)
done.
Begin: Running /scripts/local-bottom ... done.
Begin: Running /scripts/init-bottom ... done.
[   26.368746] systemd[1]: systemd 229 running in system mode. (+PAM +AUDIT +SELINUX +IMA +APPARMOR +SMACK +SYSVINIT +UTMP +LIBCRYPTSETUP +GCRYPT +GNUTLS +ACL +XZ -LZ4 +SECCOMP +BLKID +ELFUTILS +KMOD -IDN)
[   26.372393] systemd[1]: Detected virtualization oracle.
[   26.373469] systemd[1]: Detected architecture x86-64.

Welcome to [1mUbuntu 16.04.7 LTS[0m!

[   26.377844] systemd[1]: Set hostname to <ubuntu>.
[   26.481170] systemd[1]: Initializing machine ID from random generator.
[   26.647160] systemd[1]: Installed transient /etc/machine-id file.
[   26.915939] systemd[1]: Listening on LVM2 metadata daemon socket.
[[0;32m  OK  [0m] Listening on LVM2 metadata daemon socket.
[   26.937959] systemd[1]: Listening on LVM2 poll daemon socket.
[[0;32m  OK  [0m] Listening on LVM2 poll daemon socket.
[   26.959253] systemd[1]: Created slice System Slice.
[[0;32m  OK  [0m] Created slice System Slice.
[   26.962242] systemd[1]: Reached target Swap.
[[0;32m  OK  [0m] Reached target Swap.
[   26.967447] systemd[1]: Reached target System Time Synchronized.
[[0;32m  OK  [0m] Reached target System Time Synchronized.
[   26.972972] systemd[1]: Listening on Device-mapper event daemon FIFOs.
[[0;32m  OK  [0m] Listening on Device-mapper event daemon FIFOs.
[   26.977651] systemd[1]: Listening on Journal Socket (/dev/log).
[[0;32m  OK  [0m] Listening on Journal Socket (/dev/log).
[   26.989565] systemd[1]: Created slice User and Session Slice.
[[0;32m  OK  [0m] Created slice User and Session Slice.
[   26.993592] systemd[1]: Listening on Syslog Socket.
[[0;32m  OK  [0m] Listening on Syslog Socket.
[   26.999488] systemd[1]: Listening on /dev/initctl Compatibility Named Pipe.
[[0;32m  OK  [0m] Listening on /dev/initctl Compatibility Named Pipe.
[   27.011765] systemd[1]: Reached target Slices.
[[0;32m  OK  [0m] Reached target Slices.
[   27.042433] systemd[1]: Set up automount Arbitrary Executable File Formats File System Automount Point.
[[0;32m  OK  [0m] Set up automount Arbitrary Executab...ats File System Automount Point.
[   27.178575] systemd[1]: Listening on Journal Audit Socket.
[[0;32m  OK  [0m] Listening on Journal Audit Socket.
[   27.219473] systemd[1]: Listening on Journal Socket.
[[0;32m  OK  [0m] Listening on Journal Socket.
[   27.234347] systemd[1]: Starting Monitoring of LVM2 mirrors, snapshots etc. using dmeventd or progress polling...
         Starting Monitoring of LVM2 mirrors... dmeventd or progress polling...
[   27.239382] systemd[1]: Starting Journal Service...
         Starting Journal Service...
[   27.243751] systemd[1]: Starting Uncomplicated firewall...
         Starting Uncomplicated firewall...
[   27.247563] systemd[1]: Starting Nameserver information manager...
         Starting Nameserver information manager...
[   27.252623] systemd[1]: Starting Set console keymap...
         Starting Set console keymap...
[   27.256942] systemd[1]: Mounting Huge Pages File System...
         Mounting Huge Pages File System...
[   27.263490] systemd[1]: Mounting Debug File System...
         Mounting Debug File System...
[   27.278609] systemd[1]: Mounting POSIX Message Queue File System...
         Mounting POSIX Message Queue File System...
[   27.333674] systemd[1]: Reached target Encrypted Volumes.
[[0;32m  OK  [0m] Reached target Encrypted Volumes.
[   27.342565] systemd[1]: Created slice system-serial\x2dgetty.slice.
[[0;32m  OK  [0m] Created slice system-serial\x2dgetty.slice.
[   27.348886] systemd[1]: Starting Remount Root and Kernel File Systems...
[   27.350580] random: nonblocking pool is initialized
[   27.353310] EXT4-fs (sda1): re-mounted. Opts: (null)
         Starting Remount Root and Kernel File Systems...
[   27.363107] systemd[1]: Listening on udev Kernel Socket.
[[0;32m  OK  [0m] Listening on udev Kernel Socket.
[   27.367191] systemd[1]: Started Trigger resolvconf update for networkd DNS.
[[0;32m  OK  [0m] Started Trigger resolvconf update for networkd DNS.
[   27.371765] systemd[1]: Listening on udev Control Socket.
[[0;32m  OK  [0m] Listening on udev Control Socket.
[   27.375836] systemd[1]: Started Forward Password Requests to Wall Directory Watch.
[[0;32m  OK  [0m] Started Forward Password Requests to Wall Directory Watch.
[   27.393998] systemd[1]: Starting Create list of required static device nodes for the current kernel...
         Starting Create list of required st... nodes for the current kernel...
[   27.404286] systemd[1]: Starting Load Kernel Modules...
         Starting Load Kernel Modules...
[   27.407924] systemd[1]: Reached target User and Group Name Lookups.
[[0;32m  OK  [[   27.413381] Loading iSCSI transport class v2.0-870.
0m] Reached targ[   27.508359] iscsi: registered transport (tcp)
et User and Group Name Lookups.
[   27.609197] iscsi: registered transport (iser)
[   27.650617] systemd[1]: Mounted Huge Pages File System.
[[0;32m  OK  [0m] Mounted Huge Pages File System.
[   27.782280] systemd[1]: Mounted Debug File System.
[[0;32m  OK  [0m] Mounted Debug File System.
[   27.880280] systemd[1]: Mounted POSIX Message Queue File System.
[[0;32m  OK  [0m] Mounted POSIX Message Queue File System.
[   27.882943] systemd[1]: Started Journal Service.
[[0;32m  OK  [0m] Started Journal Service.
[[0;32m  OK  [0m] Started Uncomplicated firewall.
[[0;32m  OK  [0m] Started Set console keymap.
[[0;32m  OK  [0m] Started Remount Root and Kernel File Systems.
[[0;32m  OK  [0m] Started Create list of required sta...ce nodes for the current kernel.
[[0;32m  OK  [0m] Started Load Kernel Modules.
[[0;32m  OK  [0m] Started Nameserver information manager.
[[0;32m  OK  [0m] Started LVM2 metadata daemon.
         Starting Apply Kernel Variables...
         Mounting FUSE Control File System...
         Starting Create Static Device Nodes in /dev...
         Starting udev Coldplug all Devices...
         Starting Load/Save Random Seed...
         Starting Flush Journal to Persistent Storage...
[[0;32m  OK  [0m] Mounted FUSE Control File System.
[[0;32m  OK  [0m] Started Apply Kernel Variables.
[[0;32m  OK  [0m] Started Create Static Device Nodes in /dev.
[[0;32m  OK  [0m] Started Load/Save Random Seed.
         Starting udev Kernel Device Manager...
[[0;32m  OK  [0m] Started Flush Journal to Persistent Storage.
[[0;32m  OK  [0m] Started udev Kernel Device Manager.
[[0;32m  OK  [0m] Started udev Coldplug all Devices.
[[0;32m  OK  [0m] Started Dispatch Password Requests to Console Directory Watch.
[[0;32m  OK  [0m] Found device /dev/ttyS0.
[[0;32m  OK  [0m] Listening on Load/Save RF Kill Switch Status /dev/rfkill Watch.
[[0;32m  OK  [0m] Started Monitoring of LVM2 mirrors,...ng dmeventd or progress polling.
[[0;32m  OK  [0m] Reached target Local File Systems (Pre).
[[0;32m  OK  [0m] Reached target Local File Systems.
         Starting Initial cloud-init job (pre-networking)...
         Starting Create Volatile Files and Directories...
         Starting Set console font and keymap...
         Starting Tell Plymouth To Write Out Runtime Data...
         Starting LSB: AppArmor initialization...
         Starting Commit a transient machine-id on disk...
[[0;32m  OK  [0m] Started Create Volatile Files and Directories.
[[0;32m  OK  [0m] Started Tell Plymouth To Write Out Runtime Data.
         Starting Update UTMP about System Boot/Shutdown...
[[0;32m  OK  [0m] Started Commit a transient machine-id on disk.
[[0;32m  OK  [0m] Started Update UTMP about System Boot/Shutdown.
[[0;32m  OK  [0m] Started Set console font and keymap.
[[0;32m  OK  [0m] Created slice system-getty.slice.
[   20.613616] cloud-init[614]: Cloud-init v. 20.2-45-g5f7825e2-0ubuntu1~16.04.1 running 'init-local' at Mon, 14 Sep 2020 12:27:04 +0000. Up 20.27 seconds.
[[0;32m  OK  [0m] Started LSB: AppArmor initialization.
[[0;32m  OK  [0m] Started Initial cloud-init job (pre-networking).
[[0;32m  OK  [0m] Reached target Network (Pre).
         Starting Load AppArmor profiles managed internally by snapd...
         Starting Raise network interfaces...
[[0;32m  OK  [0m] Started Load AppArmor profiles managed internally by snapd.
[[0;32m  OK  [0m] Started Raise network interfaces.
         Starting Initial cloud-init job (metadata service crawler)...
[[0;32m  OK  [0m] Reached target Network.
[   21.822001] cloud-init[962]: Cloud-init v. 20.2-45-g5f7825e2-0ubuntu1~16.04.1 running 'init' at Mon, 14 Sep 2020 12:27:05 +0000. Up 21.45 seconds.
[   21.929120] cloud-init[962]: ci-info: ++++++++++++++++++++++++++++++++++++++Net device info++++++++++++++++++++++++++++++++++++++
[   21.929727] cloud-init[962]: ci-info: +--------+-------+---------------------------+---------------+--------+-------------------+
[[0;32m  OK  [0m] Started Initial cloud-init job (metadata service crawler).
[   21.930508] cloud-init[962]: ci-info: | Device |   Up  |          Address          |      Mask     | Scope  |     Hw-Address    |
[   22.156567] cloud-init[962]: ci-info: +--------+-------+---------------------------+---------------+--------+-------------------+
[   22.157075] cloud-init[962]: ci-info: | enp0s3 |  True |         10.0.2.15         | 255.255.255.0 | global | 02:8f:67:5f:07:a5 |
[[0;32m  OK  [0m] Reached target System Initialization.
[   22.157316] cloud-init[962]: ci-info: | enp0s3 |  True | fe80::8f:67ff:fe5f:7a5/64 |       .       |  link  | 02:8f:67:5f:07:a5 |
[   22.537341] cloud-init[962]: ci-info: | enp0s8 | False |             .             |       .       |   .    | 08:00:27:0f:4e:0d |
[   22.537997] cloud-init[962]: ci-info: |   lo   |  True |         127.0.0.1         |   255.0.0.0   |  host  |         .         |
         Starting Socket activation for snappy daemon.
[   22.538373] cloud-init[962]: ci-info: |   lo   |  True |          ::1/128          |       .       |  host  |         .         |
[   22.713996] cloud-init[962]: ci-info: +--------+-------+---------------------------+---------------+--------+-------------------+
[   22.714371] cloud-init[962]: ci-info: +++++++++++++++++++++++++++Route IPv4 info++++++++++++++++++++++++++++
[   22.714593] cloud-init[962]: ci-info: +-------+-------------+----------+---------------+-----------+-------+
[   22.714813] cloud-init[962]: ci-info: | Route | Destination | Gateway  |    Genmask    | Interface | Flags |
[[0;32m  OK  [0m] Listening on UUID daemon activation socket.
[[   22.715096] cloud-init[962]: ci-info: +-------+-------------+----------+---------------+-----------+-------+
[   22.725854] cloud-init[962]: ci-info: |   0   |   0.0.0.0   | 10.0.2.2 |    0.0.0.0    |   enp0s3  |   UG  |
[   22.726070] cloud-init[962]: ci-info: |   1   |   10.0.2.0  | 0.0.0.0  | 255.255.255.0 |   enp0s3  |   U   |
[   22.726291] cloud-init[962]: ci-info: +-------+-------------+----------+---------------+-----------+-------+
[   22.726680] cloud-init[962]: ci-info: +++++++++++++++++++Route IPv6 info+++++++++++++++++++
[   22.726919] cloud-init[962]: ci-info: +-------+-------------+---------+-----------+-------+
[   22.727165] cloud-init[962]: ci-info: | Route | Destination | Gateway | Interface | Flags |
[   22.727398] cloud-init[962]: ci-info: +-------+-------------+---------+-----------+-------+
[   22.727609] cloud-init[962]: ci-info: |   0   |  fe80::/64  |    ::   |   enp0s3  |   U   |
[   22.727833] cloud-init[962]: ci-info: |   3   |   ff00::/8  |    ::   |   enp0s3  |   U   |
[   22.728063] cloud-init[962]: ci-info: +-------+-------------+---------+-----------+-------+
[   22.728267] cloud-init[962]: Generating public/private rsa key pair.
[   22.728470] cloud-init[962]: Your identification has been saved in /etc/ssh/ssh_host_rsa_key.
[   22.728663] cloud-init[962]: Your public key has been saved in /etc/ssh/ssh_host_rsa_key.pub.
[   22.728859] cloud-init[962]: The key fingerprint is:
[   22.729057] cloud-init[962]: SHA256:Py7nuBygDLXJe6p1WS6CSquRK7FIZJorSnIw4oMw3Jc root@ubuntu-xenial
[   22.729262] cloud-init[962]: The key's randomart image is:
[   22.729470] cloud-init[962]: +---[RSA 2048]----+
[   22.729667] cloud-init[962]: |                 |
[   22.729886] cloud-init[962]: |                 |
[0;32m  OK  [0m] Started Message of the Day.
[   22.729917] cloud-init[962]: |    .            |
[   22.762467] cloud-init[962]: |.o.o o.          |
[   22.763254] cloud-init[962]: |Xo..+E. S        |
[   22.763456] cloud-init[962]: |O* +.o = .       |
[[0;32m  OK  [0m] Started ACPI Events Check.
[[   22.763892] cloud-init[962]: |BOo * = o o      |
[   22.889913] cloud-init[962]: |X=o. = o.+..     |
[0;32m  OK  [0m] Reached target Paths.
[   22.890326] cloud-init[962]: |X....   +=o      |
[   23.010409] cloud-init[962]: +----[SHA256]-----+
[[0;32m  OK  [0m] Started Daily apt download activities.
[   23.010820] cloud-init[962]: Generating public/private dsa key pair.
[   23.097605] cloud-init[962]: Your identification has been saved in /etc/ssh/ssh_host_dsa_key.
[   23.098087] cloud-init[962]: Your public key has been saved in /etc/ssh/ssh_host_dsa_key.pub.
[   23.098333] cloud-init[962]: The key fingerprint is:
[   23.098578] cloud-init[962]: SHA256:Ul3ilcGx9oZD9l5W088lRgF7VubhPg7BvU1kbTkXmaA root@ubuntu-xenial
[   23.098823] cloud-init[962]: The key's randomart image is:
[   23.099067] cloud-init[962]: +---[DSA 1024]----+
[   23.099314] cloud-init[962]: |          ..**++@|
[   23.099567] cloud-init[962]: |         o +=+o@*|
         Starting LXD - unix socket.
[[   23.100228] cloud-init[962]: |        . oE*o==O|
[   23.509421] cloud-init[962]: |       .   + Bo+B|
[0;32m  OK  [0m] Listening on D-Bus System Message Bus Socket.
[[   23.509706] cloud-init[962]: |      . S   o.++*|
[   23.677188] cloud-init[962]: |       .     +oo.|
[0;32m  OK  [0m] Listening on ACPID Listen Socket.
[[   23.677554] cloud-init[962]: |              .. |
[   23.805398] cloud-init[962]: |                 |
[0;32m  OK  [0m] Started Daily Cleanup of Temporary Directories.
[[   23.805698] cloud-init[962]: |                 |
[   23.820946] cloud-init[962]: +----[SHA256]-----+
[   23.821180] cloud-init[962]: Generating public/private ecdsa key pair.
[0;32m  OK  [0m] Started Daily apt upgrade and clean activities.
[   23.821423] cloud-init[962]: Your identification has been saved in /etc/ssh/ssh_host_ecdsa_key.
[   23.827483] cloud-init[962]: Your public key has been saved in /etc/ssh/ssh_host_ecdsa_key.pub.
[[0;32m  OK  [0m] Reached target Timers.
[   23.827769] cloud-init[962]: The key fingerprint is:
[   23.832808] cloud-init[962]: SHA256:wDb3IfSBImBzJnqtlf9COeXZT1CGpJKnGSG8nJL9G8Y root@ubuntu-xenial
[   23.833031] cloud-init[962]: The key's randomart image is:
[   23.833297] cloud-init[962]: +---[ECDSA 256]---+
[[0;32m  OK  [0m] Reached target Cloud-config availability.
[   23.833532] cloud-init[962]: |  =o+ . .oo.o    |
[   23.840147] cloud-init[962]: | o *o+.+.o.+     |
[   23.840538] cloud-init[962]: |. .+++O.* +      |
[   23.840726] cloud-init[962]: | .oo=o & = o     |
[   23.840918] cloud-init[962]: |  .. oB S o .    |
[   23.841138] cloud-init[962]: |     .Eo   o     |
[[0;32m  OK  [0m] Reached target Network is Online.
[   23.841632] cloud-init[962]: |     ..o.   .    |
[   23.848828] cloud-init[962]: |      ..         |
[   23.850044] cloud-init[962]: |                 |
[   23.851276] cloud-init[962]: +----[SHA256]-----+
[   23.852628] cloud-init[962]: Generating public/private ed25519 key pair.
[   23.854199] cloud-init[962]: Your identification has been saved in /etc/ssh/ssh_host_ed25519_key.
[   23.856011] cloud-init[962]: Your public key has been saved in /etc/ssh/ssh_host_ed25519_key.pub.
[   23.857925] cloud-init[962]: The key fingerprint is:
[   23.859229] cloud-init[962]: SHA256:CXWwJ9T9sAJUPbhK0vxDMvrzVTVQPqiBhRMrEW1ODvg root@ubuntu-xenial
[   23.861127] cloud-init[962]: The key's randomart image is:
[   23.862463] cloud-init[962]: +--[ED25519 256]--+
[   23.863616] cloud-init[962]: |      .+B=== ... |
[   23.864990] cloud-init[962]: |     . +oO* = +  |
[   23.865525] cloud-init[962]: |      o+O+oo * +.|
[   23.865561] cloud-init[962]: |      .EB*+ + ..o|
[   23.865766] cloud-init[962]: |       +S* o  .  |
[   23.865971] cloud-init[962]: |      . . o  .   |
         Starting iSCSI initiator daemon (iscsid)...
[   23.865999] cloud-init[962]: |       .   ..    |
[   24.044728] cloud-init[962]: |        o  .     |
[   24.045253] cloud-init[962]: |         o.      |
[[0;32m  OK  [0m] Listening on Socket activation for snappy daemon.
[   24.045669] cloud-init[962]: +----[SHA256]-----+
[[0;32m  OK  [0m] Listening on LXD - unix socket.
[[0;32m  OK  [0m] Reached target Sockets.
[[0;32m  OK  [0m] Reached target Basic System.
         Starting LSB: MD monitoring daemon...
         Starting Virtualbox guest utils...
[[0;32m  OK  [0m] Started D-Bus System Message Bus.
[[0;32m  OK  [0m] Started Deferred execution scheduler.
[[0;32m  OK  [0m] Started ACPI event daemon.
         Starting Accounts Service...
[[0;32m  OK  [0m] Started Regular background program processing daemon.
         Starting Login Service...
         Starting /etc/rc.local Compatibility...
         Starting LSB: Record successful boot for GRUB...
         Starting LXD - container startup/shutdown...
         Starting Pollinate to seed the pseudo random number generator...
         Starting System Logging Service...
[[0;32m  OK  [0m] Started FUSE filesystem for LXC.
         Starting Snap Daemon...
[[0;32m  OK  [0m] Started System Logging Service.
[[0;32m  OK  [0m] Started iSCSI initiator daemon (iscsid).
[[0;32m  OK  [0m] Started /etc/rc.local Compatibility.
[[0;32m  OK  [0m] Started Login Service.
[[0;32m  OK  [0m] Started Unattended Upgrades Shutdown.
         Starting Authenticate and Authorize Users to Run Privileged Tasks...
         Starting Login to default iSCSI targets...
[[0;32m  OK  [0m] Started LSB: MD monitoring daemon.
[[0;32m  OK  [0m] Started LSB: Record successful boot for GRUB.
[[0;32m  OK  [0m] Started LXD - container startup/shutdown.
[[0;32m  OK  [0m] Started Authenticate and Authorize Users to Run Privileged Tasks.
[[0;32m  OK  [0m] Started Accounts Service.
[[0;32m  OK  [0m] Started Login to default iSCSI targets.
[[0;32m  OK  [0m] Started Virtualbox guest utils.
[[0;32m  OK  [0m] Reached target Remote File Systems (Pre).
[[0;32m  OK  [0m] Reached target Remote File Systems.
         Starting LSB: daemon to balance interrupts for SMP systems...
         Starting LSB: Set the CPU Frequency Scaling governor to "ondemand"...
         Starting Permit User Sessions...
         Starting LSB: automatic crash report generation...
[[0;32m  OK  [0m] Started Permit User Sessions.
         Starting Hold until boot process finishes up...
         Starting Terminate Plymouth Boot Screen...
[[0;32m  OK  [0m] Started Snap Daemon.
[[0;32m  OK  [0m] Started LSB: daemon to balance interrupts for SMP systems.
[[0;32m  OK  [0m] Started LSB: Set the CPU Frequency Scaling governor to "ondemand".
[[0;32m  OK  [0m] Started LSB: automatic crash report generation.
[[0;32m  OK  [0m] Started Hold until boot process finishes up.
[[0;32m  OK  [0m] Started Terminate Plymouth Boot Screen.
[[0;32m  OK  [0m] Started Serial Getty on ttyS0.
         Starting Set console scheme...
[[0;32m  OK  [0m] Started Getty on tty1.
[[0;32m  OK  [0m] Reached target Login Prompts.
         Starting Wait until snapd is fully seeded...
[[0;32m  OK  [0m] Started Set console scheme.
[[0;32m  OK  [0m] Started Pollinate to seed the pseudo random number generator.
         Starting OpenBSD Secure Shell server...
[[0;32m  OK  [0m] Started OpenBSD Secure Shell server.
[[0;32m  OK  [0m] Created slice User Slice of vagrant.
         Starting User Manager for UID 1000...
[[0;32m  OK  [0m] Started User Manager for UID 1000.
[[0;32m  OK  [0m] Started Session 1 of user vagrant.
         Stopping User Manager for UID 1000...
[[0;32m  OK  [0m] Stopped User Manager for UID 1000.
[[0;32m  OK  [0m] Removed slice User Slice of vagrant.
[[0;32m  OK  [0m] Started Wait until snapd is fully seeded.
[[0;32m  OK  [0m] Reached target Multi-User System.
[[0;32m  OK  [0m] Reached target Graphical Interface.
         Starting Update UTMP about System Runlevel Changes...
         Starting Apply the settings specified in cloud-config...
[[0;32m  OK  [0m] Started Update UTMP about System Runlevel Changes.
[[0;32m  OK  [0m] Created slice User Slice of vagrant.
         Starting User Manager for UID 1000...
[[0;32m  OK  [0m] Started User Manager for UID 1000.
[[0;32m  OK  [0m] Started Session 2 of user vagrant.
[   27.328254] cloud-init[1523]: Generating locales (this might take a while)...
[   28.039323] cloud-init[1523]:   en_US.UTF-8... done
[   28.088366] cloud-init[1523]: Generation complete.
         Stopping Virtualbox guest utils...
[   28.299726] cloud-init[1523]: Cloud-init v. 20.2-45-g5f7825e2-0ubuntu1~16.04.1 running 'modules:config' at Mon, 14 Sep 2020 12:27:11 +0000. Up 27.23 seconds.
[[0;32m  OK  [0m] Stopped Virtualbox guest utils.
[[0;32m  OK  [0m] Started Apply the settings specified in cloud-config.
         Starting Execute cloud user/final scripts...
ci-info: no authorized SSH keys fingerprints found for user ubuntu.
<14>Sep 14 12:27:13 ec2: 
<14>Sep 14 12:27:13 ec2: #############################################################
<14>Sep 14 12:27:13 ec2: -----BEGIN SSH HOST KEY FINGERPRINTS-----
<14>Sep 14 12:27:13 ec2: 1024 SHA256:Ul3ilcGx9oZD9l5W088lRgF7VubhPg7BvU1kbTkXmaA root@ubuntu-xenial (DSA)
<14>Sep 14 12:27:13 ec2: 256 SHA256:wDb3IfSBImBzJnqtlf9COeXZT1CGpJKnGSG8nJL9G8Y root@ubuntu-xenial (ECDSA)
<14>Sep 14 12:27:13 ec2: 256 SHA256:CXWwJ9T9sAJUPbhK0vxDMvrzVTVQPqiBhRMrEW1ODvg root@ubuntu-xenial (ED25519)
<14>Sep 14 12:27:13 ec2: 2048 SHA256:Py7nuBygDLXJe6p1WS6CSquRK7FIZJorSnIw4oMw3Jc root@ubuntu-xenial (RSA)
<14>Sep 14 12:27:13 ec2: -----END SSH HOST KEY FINGERPRINTS-----
<14>Sep 14 12:27:13 ec2: #############################################################
-----BEGIN SSH HOST KEY KEYS-----
ecdsa-sha2-nistp256 AAAAE2VjZHNhLXNoYTItbmlzdHAyNTYAAAAIbmlzdHAyNTYAAABBBHdI7jNu7+4WODbl60SRaUJVU+9mpC2rqEXC5ZqJf1yPPeDjYDDHs9eLlAhvxAIBtTBYysVGPmFx6WLidNJTph0= root@ubuntu-xenial
ssh-ed25519 AAAAC3NzaC1lZDI1NTE5AAAAIGKZm8AOXNxxr9MNTh7s5dONotllWjvhZUdKmTZ/MNfv root@ubuntu-xenial
ssh-rsa AAAAB3NzaC1yc2EAAAADAQABAAABAQCZyrDEPFWd/9BI4eBNDCTECOxC18JhLwAriS4ZP09q2OsDdHC0Q6XxffJSBekqT+upW812ibORYJesMzP6e9D2fJ503u8/JpCdd4RInueiCC8NcCX0eyq0XT7gU86YM2Kc4yrmo8mFuBvLyrWRPamXVBPuKhITDOTeVqC37YDeSMqJ5q2FXEzoZX5LBS8EDeAQu9H/cVy7fSn+oy12hBguPWg5HDLuwDvNJXKwRE1jaDbIP9c9myLOio1aD3GdMXdXj9W65uv90XgM0lWAEVy72YoCBjhJFVzupmrQIGmjhxqty6MRU39HUGK1jsjDM40YFQ9hy9bAuDwKq/gXUK9t root@ubuntu-xenial
-----END SSH HOST KEY KEYS-----
[   29.608934] cloud-init[1759]: Cloud-init v. 20.2-45-g5f7825e2-0ubuntu1~16.04.1 running 'modules:final' at Mon, 14 Sep 2020 12:27:13 +0000. Up 28.62 seconds.
[   29.708896] [cloud-init[0;32m  OK  [0m[1759]: ] ci-info: no authorized SSH keys fingerprints found for user ubuntu.Started Execute cloud user/final scripts.

[[0;32m  OK  [0m] Reached target Cloud-init target.
[   29.830433] cloud-init[1759]: Cloud-init v. 20.2-45-g5f7825e2-0ubuntu1~16.04.1 finished at Mon, 14 Sep 2020 12:27:14 +0000. Datasource DataSourceNoCloud [seed=/dev/sdb][dsmode=net].  Up 29.60 seconds

Ubuntu 16.04.7 LTS ubuntu-xenial ttyS0

ubuntu-xenial login: 