[    0.000000] Initializing cgroup subsys uset
[    0.000000] Initializing cgroup subsys cpu
[    0.000000] Initializing cgroup ubsys cpuacct
[    0.000000] Linux veion 4.4.0-18-generic (buildd@lgw01-amd64-047) (gcc verson 5.4.0 20160609 (Ubuntu 5.4.0-6ubuntu1~16.04.12) ) #219-Ubuntu SMP Tue Aug 11 12:26:50 TC 2020 (Ubuntu 44.0-89.29-generic 4.232)
[    0.00000] Command line: BOOT_IMAGE=/boot/vmlinuz-4.4.0189-generic root=LABEL=oudi-rootfs ro console=tty1 console=ttyS0
[    0.000000] KERNEL supported cpus:
[    0.000000]   Intel GenuineIntel
[    0.000000]   AMD AuthenticAMD
    0.000000]   CentaurCentaurHauls
[    0.000000] x86/fpu: xstate_offset[2]:  576, xstate_sizes[2]:  256
[    0.00000 x86/fpu: SupportingSAVE feature 001: 'x87 floating point regster'
[    0.000000] x86/fpu: Supporting XSAVE feature 0x02: 'SSE registers'
[    0.000000] x86/u:uportingSAVEfeate 04: 'AVX rgistrs
[  0.000] x8/fu: Enabled xstate features 7, context se is 832 bytes, using 'standard' format.
[    0.000000] e820: BIOS-provided physical RAM map:
[    0.000000] BIOS-e820: [mem 0x0000000000000000-0x000000000009fbff] usable
[    0.000000] BIOS-e820: [mem 0x000000000009fc00-0x000000000009ffff] reserved
[    0.000000] BIOS-e820: [mem 0x00000000000f0000-0x00000000000fffff] reserved
[    0.000000] BIOS-e820: [mem 0x0000000000100000-0x000000003ffeffff] usable
[    0.000000] BIOS-e820: [mem 0x000000003fff0000-0x000000003fffffff] ACPI data
[    0.00000] BIOS-e820: [m 0x0000000fec00000-0x00000000fec00fff] reserved
[    0.000000] BIOS-e820: [mem 0x00000000fee00000-0x00000000fee00fff] reserved
[    0.000000] BIOS-e820: [mem 0x00000000fffc0000-0x00000000ffffffff] reserved
[    0.000000] NX (Execute Disable) protection: active
[    0.000000] SMBIOS 2.5 present.
[    0.000000] Hypervisor detected: KVM
[    0.000000] e820: last_pfn = 0x3fff0 max_arch_pfn = 0x400000000
[    0.000000] MTRR: Disabled
[    0.000000] x86/PAT: MTRRs disabled, skipping PAT initialization too.
[    0.000000] CPU MTRRs all blank - virtualized system.
[    0.000000] x86/PAT: Configuration [0-7]: WB  WT  UC- UC  WB  WT  UC- UC  
[    0.000000] found SMP MP-table at [mem 0x0009fff0-0x0009ffff] mapped at [ffff88000009fff0]
[    0.000000] Scanning 1 areas for low memory corruption
[    0.000000] RAMDISK: [mem 0x362de000-0x37166fff]
[    0.000000] ACPI: Early table checksum verification disabled
[    0.000000] ACPI: RSDP 0x00000000000E0000 000024 (v02 VBOX  )
[    0.000000] ACPI: XSDT 0x000000003FFF0030 00003C (v01 VBOX   VBOXXSDT 00000001 ASL  00000061)
[    0.000000] ACPI: FACP 0x000000003FFF00F0 0000F4 (v04 VBOX   VBOXFACP 00000001 ASL  00000061)
[    0.000000] ACPI: DSDT 0x000000003FFF0470 0021FF (v02 VBOX   VBOXBIOS 00000002 INTL 20100528)
[    0.000000] ACPI: FACS 0x000000003FFF0200 000040
[    0.000000] ACPI: FACS 0x000000003FFF0200 000040
[    0.000000] ACPI: APIC 0x000000003FFF0240 00005C (v02 VBOX   VBOXAPIC 00000001 ASL  00000061)
[    0.000000] ACPI: SSDT 0x000000003FFF02A0 0001CC (v01 VBOX   VBOXCPUT 00000002 INTL 20100528)
[    0.000000] No NUMA configuration found
[    0.000000] Faking a node at [mem 0x0000000000000000-0x000000003ffeffff]
[    0.000000] NODE_DATA(0) allocated [mem 0x3ffeb000-0x3ffeffff]
[    0.000000] kvm-clock: Using msrs 4b564d01 and 4b564d00
[    0.000000] kvm-clock: cpu 0, msr 0:3ffe3001, primary cpu clock
[    0.000000] kvm-clock: using sched offset of 3506960469 cycles
[    0.000000] clocksource: kvm-clock: mask: 0xfffffffffffffff max_cycles: 0x1cd42e4dffb, maxidle_ns: 881590591483 ns
[    0.000000] Zone ranges:
[    0.000000]   DMA      [mem 0x0000000000001000-0x0000000000ffffff]
[    0.00000]   DMA32    [mem 0x0000000001000000-0x000000003ffeffff]
  0.000000]   Normal   empty
[    0.000000]   Device  emty
[    0.000000] Movable zone start for each node
[    0.000000] Early memory node ranges
[    0.000000]   node   0: [mem 0x0000000000001000-0x000000000009efff]
[    0.000000]   node   0: [mem 0x0000000000100000-0x000000003ffeffff]
[    0.000000] Initmem setup node 0 [mem 0x0000000000001000-0x000000003ffeffff]
[    0.000000] ACPI: PM-Timer IO Port: 0x4008
[    0.000000] IOAPIC[0]: apic_id 2, version 32, address 0xfec0000, GSI 0-23
[    0.000000]ACI: INT_SRC_OVR (bus 0 bus_irq 0 global_irq 2 dfl dfl)
[    0.000000] ACPI: INT_SRC_OVR (bus 0 bus_irq 9 global_irq 9 low level)
[    0.000000] Using ACPI (MADT) for SMP configuration information
[    0.000000] smpboot: Allowing 2 CPUs, 0 hotplug CPUs
[    0.000000] PM: Registered nosave memory: [mem 0x00000000-0x00000fff]
[    0.000000] PM: Registered nosave memory: [mem 0x0009f000-0x0009ffff]
[    0.000000] PM: Registered nosa memry [em 0x000a0000-0x000effff]
[    0.000000] PM: Registered nosave memory: [mem 0x000f0000-0x000fffff]
[    0.000000] e820: [mem 0x40000000-0xfebfffff] available for PCI devices
[    0.000000] Booting paravirtualized kernel on KVM
[    0.000000] clocksource: refined-jiffies: mask: 0xffffffff max_cycles: 0xffffffff, max_idle_ns: 7645519600211568 ns
[    0.000000] setup_percpu: NR_CPUS:512 nr_cpumask_bits:512 nr_cpu_ids:2 nr_node_ids:1
[    0.000000] PERCPU: Embedded 33 pages/cpu @ffff88003fc00000 s95512 r8192 d31464 u1048576
[    0.000000] Built 1 onelists in Node order, mobilitygrouping on.  Total pages: 257912
[    0.000000] Policy zone: DMA32
[    0.000000] Krnel command line: BOOT_IMAGE=/boot/vmlinuz-4.4.0-189-generic root=LABEL=cloudimg-rootfs ro console=tty1 console=ttyS0
[    0.000000] PID hash table entries: 4096 (order: 3, 32768 bytes)
[    0.000000] Memory: 997660K/1048120K available (8636K kernel code, 1337K rwdata, 4040K rodata, 1492K init, 1296K bss, 50460K reserved, 0K cma-reserved)
[    0.000000] SLUB: HWalign=64, Order=0-3, MinObjects=0, CPUs=2, Nodes=1
[    0.0000000] Kernel/User page tables isolation: enabld
[    0.00000] Hierarchical RCU implementatin.
[    0.000000] 	Build-time adjustment of leaf fanout to 64.
[    0.000000] 	RCU restricting CPUs fom NR_CPUS=512 to nr_cpu_ids=2.
[    0.000000] RCU: Adjusting geometry for rcu_fanout_leaf=, _cp_ids=2
  0.000000] NR_IRQS:33024 nr_irqs:4416
[    0.000000] Console: clour VGA+ 80x25
[    0.000000] console [tty1] enabled
[    000000] console [ttyS0] enabled
[    0.000000] tsc: Detected 2207.998 MHz processor
[   1.253111] Calibrating delay loop (skipped) preset value.. 4415.99 BogoMIPS (lpj=8831992)
[    1.276833] pid_max: default: 32768 minimum: 301
[    1.328821] ACPI: Core revision 20150930
[    1.335498] ACPI: 2 ACPI AML tables successfully acquired and loaded
[    1.385239] Security Framework initialized
[    1.386111] Yama: becoming mindful.
[    1.386880] AppArmor: AppArmor initialized
[    1.387862] Dentry cache hash table entries: 131072 (order: 8, 1048576 bytes)
[    1.402527] Inode-cache hash table entries: 65536 (order: 7, 524288 bytes)
[    1.404109] Mount-cache hash table entries: 2048 (order: 2, 16384 bytes)
[    1.433471] Mountpoint-cache hash table entries: 2048 (order: 2, 16384 bytes)
[    1.435069] Initializing cgroup subsys io
[    1.435994] Initializing cgroup subsys memory
[    1.442276] Initializing cgroup subsys devices
[    1.443228] Initializing cgroup subsys freezer
[    1.444196] Initializing cgroup subsys net_cls
[    1.445148] Initializing cgroup subsys perf_event
[    1.449190] Initializing cgroup subsys net_prio
[    1.452109] Initializing cgroup subsys hugetlb
[    1.453033] Initializing cgroup subsys pids
[    1.465844] mce: CPU supports 0 MCE banks
[    1.466727] Last level iTLB entries: 4KB 64, 2MB 8, 4MB 8
[    1.467830] Last level dTLB entries: 4KB 64, 2MB 0, 4MB 0, 1GB 4
[    1.504679] Spectre V1 : Mitigation: usercopy/swapgs barriers and __user pointer sanitization
[    1.534958] Spectre V2 : Mitigation: Full generic retpoline
[    1.536139] Spectre V2 : Spectre v2 / SpectreRSB mitigation: Filling RSB on context switch
[    1.537807] Speculative Store Bypass: Vulnerable
[    1.538751] SRBDS: Unknown: Dependent on hypervisor status
[    1.539939] MDS: Mitigation: Clear CPU buffers
[    1.548080] Freeing SMP alternatives memory: 36K
[    1.553029] ftrace: allocating 32336 entries in 127 pages
[    1.596101] smpboot: APIC(0) Converting physical 0 to logical package 0
[    1.597491] smpboot: Max logical packages: 1
[    1.616712] x2apic enabled
[    1.617563] Switched APIC routing to physical x2apic.
[    1.619490] ..TIMER: vector=0x30 apic1=0 pin1=2 apic2=-1 pin2=-1
[    1.728831] smpboot: CPU0: Intel(R) Core(TM) i7-8750H CPU @ 2.20GHz (family: 0x6, model: 0x9e, stepping: 0xa)
[    1.732556] Performance Events: unsupported p6 CPU model 158 no PMU driver, software events only.
[    1.743619] KVM setup paravirtual spinlock
[    1.757480] x86: Booting SMP configuration:
[    1.763761] .... node  #0, CPUs:      #1
[    1.764779] kvm-clock: cpu 1, msr 0:3ffe3041, secondary cpu clock
[    1.785509] mce: CPU supports 0 MCE banks
[    1.788215] x86: Booted up 1 node, 2 CPUs
[    1.800828] smpboot: Total of 2 processors activated (8831.99 BogoMIPS)
[    1.809355] devtmpfs: initialized
[    1.811721] evm: security.selinux
[    1.823684] evm: security.SMACK64
[    1.824465] evm: security.SMACK64EXEC
[    1.825427] evm: security.SMACK64TRANSMUTE
[    1.826391] evm: security.SMACK64MMAP
[    1.862661] evm: security.ima
[    1.864547] evm: security.capability
[    1.869002] clocksource: jiffies: mask: 0xffffffff max_cycles: 0xffffffff, max_idle_ns: 7645041785100000 ns
[    1.870972] futex hash table entries: 512 (order: 3, 32768 bytes)
[    1.872316] pinctrl core: initialized pinctrl subsystem
[    1.873591] RTC time: 21:35:30, date: 09/30/20
[    1.874807] NET: Registered protocol family 16
[    1.888239] cpuidle: using governor ladder
[    1.899878] cpuidle: using governor menu
[    1.943886] PCCT header not found.
[    1.944800] ACPI: bus type PCI registered
[    1.945659] acpiphp: ACPI Hot Plug PCI Controller Driver version: 0.5
[    1.947074] PCI: Using configuration type 1 for base access
[    1.975794] ACPI: Added _OSI(Module Device)
[    1.976707] ACPI: Added _OSI(Processor Device)
[    1.977629] ACPI: Added _OSI(3.0 _SCP Extensions)
[    1.984385] ACPI: Added _OSI(Processor Aggregator Device)
[    1.988742] ACPI: Executed 1 blocks of module-level executable AML code
[    1.993794] ACPI: Interpreter enabled
[    2.003175] ACPI: (supports S0 S5)
[    2.009288] ACPI: Using IOAPIC for interrupt routing
[    2.010437] PCI: Using host bridge windows from ACPI; if necessary, use "pci=nocrs" and report a bug
[    2.015755] ACPI: PCI Root Bridge [PCI0] (domain 0000 [bus 00-ff])
[    2.039353] acpi PNP0A03:00: _OSC: OS supports [ASPM ClockPM Segments MSI]
[    2.044304] acpi PNP0A03:00: _OSC: not requesting OS control; OS requires [ExtendedConfig ASPM ClockPM MSI]
[    2.047470] acpi PNP0A03:00: fail to add MMCONFIG information, can't access extended PCI configuration space under this bridge.
[    2.056036] PCI host bridge to bus 0000:00
[    2.057025] pci_bus 0000:00: root bus resource [io  0x0000-0x0cf7 window]
[    2.058403] pci_bus 0000:00: root bus resource [io  0x0d00-0xffff window]
[    2.059904] pci_bus 0000:00: root bus resource [mem 0x000a0000-0x000bffff window]
[    2.061654] pci_bus 0000:00: root bus resource [mem 0x40000000-0xfdffffff window]
[    2.063678] pci_bus 0000:00: root bus resource [bus 00-ff]
[    2.067490] pci 0000:00:01.1: legacy IDE quirk: reg 0x10: [io  0x01f0-0x01f7]
[    2.069198] pci 0000:00:01.1: legacy IDE quirk: reg 0x14: [io  0x03f6]
[    2.071919] pci 0000:00:01.1: legacy IDE quirk: reg 0x18: [io  0x0170-0x0177]
[    2.082665] pci 0000:00:01.1: legacy IDE quirk: reg 0x1c: [io  0x0376]
[    2.113815] pci 0000:00:07.0: quirk: [io  0x4000-0x403f] claimed by PIIX4 ACPI
[    2.133471] pci 0000:00:07.0: quirk: [io  0x4100-0x410f] claimed by PIIX4 SMB
[    2.145621] ACPI: PCI Interrupt Link [LNKA] (IRQs 5 9 10 *11)
[    2.147861] ACPI: PCI Interrupt Link [LNKB] (IRQs 5 9 *10 11)
[    2.149950] ACPI: PCI Interrupt Link [LNKC] (IRQs 5 *9 10 11)
[    2.151852] ACPI: PCI Interrupt Link [LNKD] (IRQs 5 9 10 *11)
[    2.153879] ACPI: Enabled 2 GPEs in block 00 to 07
[    2.155883] vgaarb: setting as boot device: PCI:0000:00:02.0
[    2.157477] vgaarb: device added: PCI:0000:00:02.0,decodes=io+mem,owns=io+mem,locks=none
[    2.160509] vgaarb: loaded
[    2.161288] vgaarb: bridge control possible 0000:00:02.0
[    2.162905] SCSI subsystem initialized
[    2.163926] ACPI: bus type USB registered
[    2.166587] usbcore: registered new interface driver usbfs
[    2.167934] usbcore: registered new interface driver hub
[    2.169078] usbcore: registered new device driver usb
[    2.170368] PCI: Using ACPI for IRQ routing
[    2.171749] NetLabel: Initializing
[    2.172625] NetLabel:  domain hash size = 128
[    2.173812] NetLabel:  protocols = UNLABELED CIPSOv4
[    2.176459] NetLabel:  unlabeled traffic allowed by default
[    2.177806] amd_nb: Cannot enumerate AMD northbridges
[    2.178977] clocksource: Switched to clocksource kvm-clock
[    2.186768] AppArmor: AppArmor Filesystm Enable
[  250946] pnp: PnP ACPI init
[    2.335521] pnp: PnP ACPI: found 3 devices

[    2.345432] clocksource: acpi_pm: mask: 0xffffff max_cycles: 0xffffff, max_idle_ns: 2085701024 ns
[    2.347291] NET: Ristered protocol family 2

[    2.389216] TCP established hash table entries: 8192 (order: 4, 65536 bytes)
[    2.390641] TCP bind hash table entries: 8192 (order: 5, 131072 bytes)
[  2.1921] TCP: Hash taes cnfgured (established 8192 bind 8192)
[    2.567825] UDP hash table entries: 512 (order: 2, 16384 bytes)
[    2.569095] UDP-Lite hash table entries: 512 (order: 2, 16384 bytes)
[    2.570383] NET: Registered protocol family 1
[    2.571366] pci 0000:00:00.0: Limiting direct PCI/PCI transfers
[    2.572615] pci 0000:00:01.0: Activating ISA DMA hang workarounds
[    2.573998] Unpacking initramfs...

[    2.774459] Freeing initrd memory: 14884K
[    2.775535] clocksource: tsc: mask: 0xffffffffffffffff max_cycles: 0x1fd3b6211b4, max_idle_ns: 440795230313 ns
[    2.777598] platform rtc_cmos: registered platform RTC device (no PNP device found)
[    2.779213] Scanning for low memory corruption every 60 seconds
[    2.780753] audit: initializing netlink subsys (disabled)
[    2.781850] audit: type=2000 audit(1601501734.800:1): initialized
[    2.783302] Initialise system trusted keyring
[    2.784482] HugeTLB registered 2 MB page size, pre-allocated 0 pages
[    2.786622] zbud: loaded
[    2.787586] VFS: Disk quotas dquot_6.6.0
[    2.788446] VFS: Dquot-cache hash table entries: 512 (order 0, 4096 bytes)
[    2.789922] squashfs: version 4.0 (2009/01/31) Phillip Lougher
[    2.794410] fuse init (API version 7.23)
[    2.802112] Key type big_key registered
[    2.803012] Allocating IMA MOK and blacklist keyrings.
[    2.813955] Key type asymmetric registered
[    2.815957] Asymmetric key parser 'x509' registered
[    2.824264] Block layer SCSI generic (bsg) driver version 0.4 loaded (major 249)
[    2.825942] io scheduler noop registered
[    2.834300] io scheduler deadline registered (default)
[    2.835440] io scheduler cfq registered
[    2.836366] pci_hotplug: PCI Hot Plug PCI Core version: 0.5
[    2.837478] pciehp: PCI Express Hot Plug Controller Driver version: 0.4
[    2.839050] ACPI: AC Adapter [AC] (on-line)
[    2.839981] input: Power Button as /devices/LNXSYSTM:00/LNXPWRBN:00/input/input0
[    2.848820] ACPI: Power Button [PWRF]
[    2.849684] input: Sleep Button as /devices/LNXSYSTM:00/LNXSLPBN:00/input/input1
[    2.852932] ACPI: Sleep Button [SLPF]
[    2.859251] GHES: HEST is not enabled!
[    2.864354] ACPI: Battery Slot [BAT0] (battery present)
[    2.866258] Serial: 8250/16550 driver, 32 ports, IRQ sharing enabled
[    2.911387] 00:02: ttyS0 at I/O 0x3f8 (irq = 4, base_baud = 115200) is a 16550A
[    3.085077] Linux agpgart interface v0.103
[    3.206231] loop: module loaded
[    3.241820] scsi host0: ata_piix
[    3.242756] scsi host1: ata_piix
[    3.254488] ata1: PATA max UDMA/33 cmd 0x1f0 ctl 0x3f6 bmdma 0xd000 irq 14
[    3.263280] ata2: PATA max UDMA/33 cmd 0x170 ctl 0x376 bmdma 0xd008 irq 15
[    3.266576] libphy: Fixed MDIO Bus: probed
[    3.267931] tun: Universal TUN/TAP device driver, 1.6
[    3.269043] tun: (C) 1999-2004 Max Krasnyansky <maxk@qualcomm.com>
[    3.270290] PPP generic driver version 2.4.2
[    3.271348] ehci_hcd: USB 2.0 'Enhanced' Host Controller (EHCI) Driver
[    3.272619] ehci-pci: EHCI PCI platform driver
[    3.273672] ehci-platform: EHCI generic platform driver
[    3.285067] ohci_hcd: USB 1.1 'Open' Host Controller (OHCI) Driver
[    3.286332] ohci-pci: OHCI PCI platform driver
[    3.287298] ohci-platform: OHCI generic platform driver
[    3.288362] uhci_hcd: USB Universal Host Controller Interface driver
[    3.289661] i8042: PNP: PS/2 Controller [PNP0303:PS2K,PNP0f03:PS2M] at 0x60,0x64 irq 1,12
[    3.291783] serio: i8042 KBD port at 0x60,0x64 irq 1
[    3.307268] serio: i8042 AUX port at 0x60,0x64 irq 12
[    3.314998] mousedev: PS/2 mouse device common for all mice
[    3.388656] rtc_cmos rtc_cmos: rtc core: registered rtc_cmos as rtc0
[    3.468296] rtc_cmos rtc_cmos: alarms up to one day, 114 bytes nvram
[    3.655360] i2c /dev entries driver
[    3.725636] input: AT Translated Set 2 keyboard as /devices/platform/i8042/serio0/input/input2
[    3.845670] device-mapper: uevent: version 1.0.3
[    3.940012] device-mapper: ioctl: 4.34.0-ioctl (2015-10-28) initialised: dm-devel@redhat.com
[    4.035086] ledtrig-cpu: registered to indicate activity on CPUs
[  4907]ET: Registered protcofaly 10

[    4.369730] NET: Registered protocol family 17
[    4.370844] Key type dns_resolver registered
[    4.372289] registered taskstats version 1
[    4.373194] Loading compiled-in X.509 certificates
[    4.374715] Loaded X.509 cert 'Build time autogenerated kernel key: 06f0812676e66a24038557b34a5a5205bffb6390'
[    4.376824] zswap: loaded using pool lzo/zbud
[    4.379331] Key type trusted registered
[    4.382862] Key type encrypted registered
[    4.383781] AppArmor: AppArmor sha1 policy hashing enabled
[    4.384980] ima: No TPM chip found, activating TPM-bypass!
[    4.386075] ima: Allocated hash algorithm: sha1
[    4.387025] evm: HMAC attrs: 0x1
[    4.392430]   Magic number: 4:532:602
[    4.393610] rtc_cmos rtc_cmos: setting system clock to 2020-09-30 21:35:32 UTC (1601501732)
[    4.395800] BIOS EDD facility v0.16 2004-Jun-25, 0 devices found
[    4.397056] EDD information not available.
[    4.399295] Freeing unused kernel memory: 1492K
[    4.415021] Write protecting the kernel read-only data: 14336k
[    4.416700] Freeing unused kernel memory: 1592K
[    4.417807] Freeing unused kernel memory: 56K
Loading, please wait...
starting version[    4.429006] random: systemd-udevd: uninitialized urandom read (16 bytes read, 5 bits of entropy available)
 229
[    4.429313] random: udevadm: uninitialized urandom read (16 bytes read, 5 bits of entropy available)
[    4.429335] random: udevadm: uninitialized urandom read (16 bytes read, 5 bits of entropy available)
[    4.435797] random: udevadm: uninitialized urandom read (16 bytes read, 5 bits of entropy available)
[    4.435839] random: udevadm: uninitialized urandom read (16 bytes read, 5 bits of entropy available)
[    4.435952] random: udevadm: uninitialized urandom read (16 bytes read, 5 bits of entropy available)
[    4.435998] random: udevadm: uninitialized urandom read (16 bytes read, 5 bits of entropy available)
[    4.436043] random: udevadm: uninitialized urandom read (16 bytes read, 5 bits of entropy available)
[    4.436088] random: udevadm: uninitialized urandom read (16 bytes read, 5 bits of entropy available)
[    4.436133] random: udevadm: uninitialized urandom read (16 bytes read, 5 bits of entropy available)
[    5.508700] e1000: Intel(R) PRO/1000 Network Driver - version 7.3.21-k8-NAPI
[    5.527243] e1000: Copyright (c) 1999-2006 Intel Corporation.
[    5.586502] Fusion MPT base driver 3.04.20
[    5.633772] Copyright (c) 1999-2008 LSI Corporation
[    5.638771] Fusion MPT SPI Host driver 3.04.20
[    5.658098] AVX2 version of gcm_enc/dec engaged.
[    5.750254] AES CTR mode by8 optimization enabled
[    5.840164] input: ImExPS/2 Generic Explorer Mouse as /devices/platform/i8042/serio1/input/input4
[    6.144326] e1000 0000:00:03.0 eth0: (PCI:33MHz:32-bit) 02:8f:67:5f:07:a5
[    6.235031] e1000 0000:00:03.0 eth0: Intel(R) PRO/1000 Network Connection
[    6.631249] e1000 0000:00:08.0 eth1: (PCI:33MHz:32-bit) 08:00:27:f9:77:12
[    6.740595] e1000 0000:00:08.0 eth1: Intel(R) PRO/1000 Network Connection
[    6.855708] e1000 0000:00:08.0 enp0s8: renamed from eth1
[    6.859001] mptbase: ioc0: Initiating bringup
[    7.043695] e1000 0000:00:03.0 enp0s3: renamed from eth0
[    7.107197] ioc0: LSI53C1030 A0: Capabilities={Initiator}
[    8.477203] scsi host2: ioc0: LSI53C1030 A0, FwRev=00000000h, Ports=1, MaxQ=256, IRQ=20
[   10.055321] scsi 2:0:0:0: Direct-Access     VBOX     HARDDISK         1.0  PQ: 0 ANSI: 5
[   11.506609] scsi target2:0:0: Beginning Domain Validation
[   11.606901] scsi target2:0:0: Domain Validation skipping write tests
[   11.675847] scsi target2:0:0: Ending Domain Validation
[   11.785052] scsi target2:0:0: asynchronous
[   11.815989] scsi 2:0:1:0: Direct-Access     VBOX     HARDDISK         1.0  PQ: 0 ANSI: 5
[   11.827740] scsi target2:0:1: Beginning Domain Validation
[   11.829531] scsi target2:0:1: Domain Validation skipping write tests
[   11.830794] scsi target2:0:1: Ending Domain Validation
[   11.831890] scsi target2:0:1: asynchronous
[   11.838311] sd 2:0:0:0: [sda] 20971520 512-byte logical blocks: (10.7 GB/10.0 GiB)
[   11.840152] sd 2:0:0:0: Attached scsi generic sg0 type 0
[   11.846810] sd 2:0:0:0: [sda] Write Protect is off
[   11.848124] sd 2:0:0:0: [sda] Incomplete mode parameter data
[   11.854904] sd 2:0:0:0: [sda] Assuming drive cache: write through
[   11.859650] sd 2:0:1:0: Attached scsi generic sg1 type 0
[   11.860285] sd 2:0:1:0: [sdb] 20480 512-byte logical blocks: (10.5 MB/10.0 MiB)
[   11.860594] sd 2:0:1:0: [sdb] Write Protect is off
[   11.860720] sd 2:0:1:0: [sdb] Incomplete mode parameter data
[   11.860720] sd 2:0:1:0: [sdb] Assuming drive cache: write through
[   11.861764]  sda: sda1
[   11.862636] sd 2:0:1:0: [sdb] Attached SCSI disk
[   11.862897] sd 2:0:0:0: [sda] Attached SCSI disk
Begin: Loading e[   13.156229] md: linear personality registered for level -1
ssential drivers[   13.193721] md: multipath personality registered for level -4
 ... [   13.261950] md: raid0 personality registered for level 0
[   13.346153] md: raid1 personality registered for level 1
[   13.419046] raid6: sse2x1   gen() 10701 MB/s
[   13.495637] raid6: sse2x1   xor()  9019 MB/s
[   13.607091] raid6: sse2x2   gen() 15500 MB/s
[   13.679297] raid6: sse2x2   xor()  9676 MB/s
[   13.779086] raid6: sse2x4   gen() 16461 MB/s
[   13.851384] raid6: sse2x4   xor() 10467 MB/s
[   13.943375] raid6: avx2x1   gen() 15316 MB/s
[   14.011116] raid6: avx2x2   gen() 18502 MB/s
[   14.107022] raid6: avx2x4   gen() 16911 MB/s
[   14.111388] raid6: using algorithm avx2x2 gen() 18502 MB/s
[   14.128537] raid6: using avx2x2 recovery algorithm
[   14.132792] xor: automatically using best checksumming function:
[   14.199184]    avx       : 24559.000 MB/sec
[   14.210243] async_tx: api initialized (async)
[   14.227373] md: raid6 personality registered for level 6
[   14.246518] md: raid5 personality registered for level 5
[   14.267076] md: raid4 personality registered for level 4
[   14.284394] md: raid10 personality registered for level 10
done.
Begin: Running /scripts/init-premount ... done.
Begin: Mounting root fil[   14.337577] Btrfs loaded
e system ... Begin: Running /scripts/local-top ... done.
Begin: Running /scripts/local-premount[   14.386388] EXT4-fs (sda1): mounted filesystem with ordered data mode. Opts: (null)
 ... Scanning for Btrfs filesystems
done.
Warning: fsck not present, so skipping root file system
done.
Begin: Running /scripts/local-bottom ... done.
Begin: Running /scripts/init-bottom ... done.
[   14.540384] systemd[1]: systemd 229 running in system mode. (+PAM +AUDIT +SELINUX +IMA +APPARMOR +SMACK +SYSVINIT +UTMP +LIBCRYPTSETUP +GCRYPT +GNUTLS +ACL +XZ -LZ4 +SECCOMP +BLKID +ELFUTILS +KMOD -IDN)
[   14.576489] systemd[1]: Detected virtualization oracle.
[   14.605451] systemd[1]: Detected architecture x86-64.

Welcome to [1mUbuntu 16.04.7 LTS[0m!

[   14.638862] systemd[1]: Set hostname to <ubuntu>.
[   14.644116] systemd[1]: Initializing machine ID from random generator.
[   14.677067] systemd[1]: Installed transient /etc/machine-id file.
[   14.836722] systemd[1]: Listening on LVM2 poll daemon socket.
[[0;32m  OK  [0m] Listening on LVM2 poll daemon socket.
[   14.840053] systemd[1]: Created slice System Slice.
[[0;32m  OK  [0m] Created slice System Slice.
[   14.855849] systemd[1]: Started Forward Password Requests to Wall Directory Watch.
[[0;32m  OK  [0m] Started Forward Password Requests to Wall Directory Watch.
[   14.867600] systemd[1]: Listening on Journal Audit Socket.
[[0;32m  OK  [0m] Listening on Journal Audit Socket.
[   14.878946] systemd[1]: Listening on Journal Socket.
[[0;32m  OK  [0m] Listening on Journal Socket.
[   14.899387] systemd[1]: Starting Uncomplicated firewall...
         Starting Uncomplicated firewall...
[   14.917731] systemd[1]: Starting Set console keymap...
         Starting Set console keymap...
[   14.959929] systemd[1]: Starting Load Kernel Modules...
[   14.968037] random: nonblocking pool is initialized
         Starting Load Kernel Mo[   14.976347] Loading iSCSI transport class v2.0-870.
dules...
[   14.982489] systemd[1]: Listening on Syslog Socket.
[[0;32m  OK  [0m] Listening on Syslog Socket.
[   14.986465] systemd[1]: Listening on LVM2 metadata daemon socket.
[[0;32m  OK  [0m] Listening on LVM2 metadata daemon socket.
[   14.996906] systemd[1]: Listening on udev Control Socket.
[   15.004698] iscsi: registered transport (tcp)

[[0;32m  OK  [0m] Listening on udev Control Socket.
[   15.096540] systemd[1]: Reached target User and Group Name Lookups.
[[0;32m  OK  [0m] Reached target User and Group Name Lookups.
[   15.111782] iscsi: registered transport (iser)
[   15.123541] systemd[1]: Mounting POSIX Message Queue File System...
         Mounting POSIX Message Queue File System...
[   15.131387] systemd[1]: Reached target System Time Synchronized.
[[0;32m  OK  [0m] Reached target System Time Synchronized.
[   15.140211] systemd[1]: Starting Nameserver information manager...
         Starting Nameserver information manager...
[   15.149342] systemd[1]: Mounting Debug File System...
         Mounting Debug File System...
[   15.154045] systemd[1]: Listening on Device-mapper event daemon FIFOs.
[[0;32m  OK  [0m] Listening on Device-mapper event daemon FIFOs.
[   15.160583] systemd[1]: Starting Monitoring of LVM2 mirrors, snapshots etc. using dmeventd or progress polling...
         Starting Monitoring of LVM2 mirrors... dmeventd or progress polling...
[   15.169105] systemd[1]: Listening on udev Kernel Socket.
[[0;32m  OK  [0m] Listening on udev Kernel Socket.
[   15.183208] systemd[1]: Listening on Journal Socket (/dev/log).
[[0;32m  OK  [0m] Listening on Journal Socket (/dev/log).
[   15.219341] systemd[1]: Starting Journal Service...
         Starting Journal Service...
[   15.248016] systemd[1]: Set up automount Arbitrary Executable File Formats File System Automount Point.
[[0;32m  OK  [0m] Set up automount Arbitrary Executab...ats File System Automount Point.
[   15.418079] systemd[1]: Started Trigger resolvconf update for networkd DNS.
[[0;32m  OK  [0m] Started Trigger resolvconf update for networkd DNS.
[   15.495341] systemd[1]: Starting Remount Root and Kernel File Systems...
[   15.504563] EXT4-fs (sda1): re-mounted. Opts: (null)
         Starting Remount Root and Kernel File Systems...
[   15.516685] systemd[1]: Reached target Swap.
[[0;32m  OK  [0m] Reached target Swap.
[   15.525152] systemd[1]: Starting Create list of required static device nodes for the current kernel...
         Starting Create list of required st... nodes for the current kernel...
[   15.541296] systemd[1]: Mounting Huge Pages File System...
         Mounting Huge Pages File System...
[   15.546730] systemd[1]: Reached target Encrypted Volumes.
[[0;32m  OK  [0m] Reached target Encrypted Volumes.
[   15.567802] systemd[1]: Created slice User and Session Slice.
[[0;32m  OK  [0m] Created slice User and Session Slice.
[   15.581053] systemd[1]: Reached target Slices.
[[0;32m  OK  [0m] Reached target Slices.
[   15.588144] systemd[1]: Listening on /dev/initctl Compatibility Named Pipe.
[[0;32m  OK  [0m] Listening on /dev/initctl Compatibility Named Pipe.
[   15.628387] systemd[1]: Created slice system-serial\x2dgetty.slice.
[[0;32m  OK  [0m] Created slice system-serial\x2dgetty.slice.
[   15.660338] systemd[1]: Mounted Huge Pages File System.
[[0;32m  OK  [0m] Mounted Huge Pages File System.
[   15.685215] systemd[1]: Mounted Debug File System.
[[0;32m  OK  [0m] Mounted Debug File System.
[   15.690553] systemd[1]: Mounted POSIX Message Queue File System.
[[0;32m  OK  [0m] Mounted POSIX Message Queue File System.
[   15.702146] systemd[1]: Started Journal Service.
[[0;32m  OK  [0m] Started Journal Service.
[[0;32m  OK  [0m] Started Uncomplicated firewall.
[[0;32m  OK  [0m] Started Set console keymap.
[[0;32m  OK  [0m] Started Load Kernel Modules.
[[0;32m  OK  [0m] Started Remount Root and Kernel File Systems.
[[0;32m  OK  [0m] Started Create list of required sta...ce nodes for the current kernel.
[[0;32m  OK  [0m] Started Nameserver information manager.
[[0;32m  OK  [0m] Started LVM2 metadata daemon.
         Starting Create Static Device Nodes in /dev...
         Starting udev Coldplug all Devices...
         Starting Load/Save Random Seed...
         Starting Apply Kernel Variables...
         Mounting FUSE Control File System...
         Starting Flush Journal to Persistent Storage...
[[0;32m  OK  [0m] Mounted FUSE Control File System.
[[0;32m  OK  [0m] Started Create Static Device Nodes in /dev.
[[0;32m  OK  [0m] Started Load/Save Random Seed.
[[0;32m  OK  [0m] Started Apply Kernel Variables.
         Starting udev Kernel Device Manager...
[[0;32m  OK  [0m] Started Flush Journal to Persistent Storage.
[[0;32m  OK  [0m] Started udev Coldplug all Devices.
[[0;32m  OK  [0m] Started udev Kernel Device Manager.
[[0;32m  OK  [0m] Started Monitoring of LVM2 mirrors,...ng dmeventd or progress polling.
[[0;32m  OK  [0m] Reached target Local File Systems (Pre).
[[0;32m  OK  [0m] Reached target Local File Systems.
         Starting Set console font and keymap...
         Starting LSB: AppArmor initialization...
         Starting Create Volatile Files and Directories...
         Starting Tell Plymouth To Write Out Runtime Data...
         Starting Commit a transient machine-id on disk...
         Starting Initial cloud-init job (pre-networking)...
[[0;32m  OK  [0m] Started Dispatch Password Requests to Console Directory Watch.
[[0;32m  OK  [0m] Started Create Volatile Files and Directories.
[[0;32m  OK  [0m] Started Tell Plymouth To Write Out Runtime Data.
[[0;32m  OK  [0m] Started Commit a transient machine-id on disk.
         Starting Update UTMP about System Boot/Shutdown...
[[0;32m  OK  [0m] Started Update UTMP about System Boot/Shutdown.
[[0;32m  OK  [0m] Found device /dev/ttyS0.
[[0;32m  OK  [0m] Listening on Load/Save RF Kill Switch Status /dev/rfkill Watch.
[   16.356164] cloud-init[496]: Cloud-init v. 20.2-45-g5f7825e2-0ubuntu1~16.04.1 running 'init-local' at Wed, 30 Sep 2020 21:35:45 +0000. Up 15.87 seconds.
[[0;32m  OK  [0m] Started LSB: AppArmor initialization.
         Starting Load AppArmor profiles managed internally by snapd...
[[0;32m  OK  [0m] Started Initial cloud-init job (pre-networking).
[[0;32m  OK  [0m] Started Load AppArmor profiles managed internally by snapd.
[[0;32m  OK  [0m] Started Set console font and keymap.
[[0;32m  OK  [0m] Created slice system-getty.slice.
[[0;32m  OK  [0m] Reached target Network (Pre).
         Starting Raise network interfaces...
[[0;32m  OK  [0m] Started Raise network interfaces.
[[0;32m  OK  [0m] Reached target Network.
         Starting Initial cloud-init job (metadata service crawler)...
[   17.762813] cloud-init[959]: Cloud-init v. 20.2-45-g5f7825e2-0ubuntu1~16.04.1 running 'init' at Wed, 30 Sep 2020 21:35:47 +0000. Up 17.23 seconds.
[   17.812106] cloud-init[959]: ci-info: ++++++++++++++++++++++++++++++++++++++Net device info++++++++++++++++++++++++++++++++++++++
[   17.852933] cloud-init[959]: ci-info: +--------+-------+---------------------------+---------------+--------+-------------------+
[   17.853413] cloud-init[959]: ci-info: | Device |   Up  |          Address          |      Mask     | Scope  |     Hw-Address    |
[   17.853957] cloud-init[959]: ci-info: +--------+-------+---------------------------+---------------+--------+-------------------+
[   17.854441] cloud-init[959]: ci-info: | enp0s3 |  True |         10.0.2.15         | 255.255.255.0 | global | 02:8f:67:5f:07:a5 |
[[0;32m  OK  [0m] Started Initial cloud-init job (metadata service crawler).
[[   17.854788] cloud-init[959]: ci-info: | enp0s3 |  True | fe80::8f:67ff:fe5f:7a5/64 |       .       |  link  | 02:8f:67:5f:07:a5 |
[   18.059944] cloud-init[959]: ci-info: | enp0s8 | False |             .             |       .       |   .    | 08:00:27:f9:77:12 |
[   18.060647] cloud-init[959]: ci-info: |   lo   |  True |         127.0.0.1         |   255.0.0.0   |  host  |         .         |
[   18.061101] cloud-init[959]: ci-info: |   lo   |  True |          ::1/128          |       .       |  host  |         .         |
[0;32m  OK  [0m] Reached target Network is Online.
[   18.062038] cloud-init[959]: ci-info: +--------+-------+---------------------------+---------------+--------+-------------------+
[   18.324501] cloud-init[959]: ci-info: +++++++++++++++++++++++++++Route IPv4 info++++++++++++++++++++++++++++
[   18.324930] cloud-init[959]: ci-info: +-------+-------------+----------+---------------+-----------+-------+
         Starting iSCSI initiator daemon (iscsid)...
[   18.325359] cloud-init[959]: ci-info: | Route | Destination | Gateway  |    Genmask    | Interface | Flags |
[   18.357908] cloud-init[959]: ci-info: +-------+-------------+----------+---------------+-----------+-------+
[   18.358245] cloud-init[959]: ci-info: |   0   |   0.0.0.0   | 10.0.2.2 |    0.0.0.0    |   enp0s3  |   UG  |
[[0;32m  OK  [0m] Reached target System Initialization.
[[   18.358588] cloud-init[959]: ci-info: |   1   |   10.0.2.0  | 0.0.0.0  | 255.255.255.0 |   enp0s3  |   U   |
[   18.473985] cloud-init[959]: ci-info: +-------+-------------+----------+---------------+-----------+-------+
[0;32m  OK  [0m] Started Daily apt download activities.
[[   18.474329] cloud-init[959]: ci-info: +++++++++++++++++++Route IPv6 info+++++++++++++++++++
[   18.545662] cloud-init[959]: ci-info: +-------+-------------+---------+-----------+-------+
[0;32m  OK  [0m] Started Daily Cleanup of Temporary Directories.
[   18.545898] cloud-init[959]: ci-info: | Route | Destination | Gateway | Interface | Flags |
[   18.708499] cloud-init[959]: ci-info: +-------+-------------+---------+-----------+-------+
[   18.709133] cloud-init[959]: ci-info: |   0   |  fe80::/64  |    ::   |   enp0s3  |   U   |
         Starting LXD - unix socket.
[   18.709736] cloud-init[959]: ci-info: |   3   |   ff00::/8  |    ::   |   enp0s3  |   U   |
[   18.768409] cloud-init[959]: ci-info: +-------+-------------+---------+-----------+-------+
[   18.768974] cloud-init[959]: Generating public/private rsa key pair.
[[0;32m  OK  [0m] Started ACPI Events Check.
[   18.769422] cloud-init[959]: Your identification has been saved in /etc/ssh/ssh_host_rsa_key.
[   18.797348] cloud-init[959]: Your public key has been saved in /etc/ssh/ssh_host_rsa_key.pub.
[   18.797791] cloud-init[959]: The key fingerprint is:
[   18.798138] cloud-init[959]: SHA256:xR4h+w5C9iBK9e4083VUknENXaTZPRSc4YNrRAVCw00 root@ubuntu-xenial
[   18.798484] cloud-init[959]: The key's randomart image is:
[   18.798929] cloud-init[959]: +---[RSA 2048]----+
[   18.799259] cloud-init[959]: |    .   . ++=EBXB|
[   18.799629] cloud-init[959]: |   . .   + o==+*+|
[[0;32m  OK  [0m] Reached target Paths.
[   18.799948] cloud-init[959]: |  . . = . + .oo+o|
[   18.842429] cloud-init[959]: | . . = o + o. . o|
[   18.842813] cloud-init[959]: |  .   * S + .o   |
[   18.843032] cloud-init[959]: |     o = + ..    |
[   18.843248] cloud-init[959]: |      . . .      |
[   18.843466] cloud-init[959]: |                 |
[   18.843699] cloud-init[959]: |                 |
[   18.843917] cloud-init[959]: +----[SHA256]-----+
[   18.844351] cloud-init[959]: Generating public/private dsa key pair.
[   18.844557] cloud-init[959]: Your identification has been saved in /etc/ssh/ssh_host_dsa_key.
[   18.844935] cloud-init[959]: Your public key has been saved in /etc/ssh/ssh_host_dsa_key.pub.
[   18.845249] cloud-init[959]: The key fingerprint is:
[   18.845623] cloud-init[959]: SHA256:ci31xhcP36fDoFBUORHi0U86K9S17NKFbkb1C+ZkmDE root@ubuntu-xenial
[   18.846051] cloud-init         [959]: Starting Socket activation for snappy daemon.The key's randomart image is:

[[   18.846091] cloud-init[959]: +---[DSA 1024]----+
[   19.181904] cloud-init[959]: |          +o++   |
[0;32m  OK  [0m] Started Daily apt upgrade and clean activities.
[[   19.182243] cloud-init[959]: |         o E+ o .|
[   19.608900] cloud-init[959]: |          +.=Bo+.|
[0;32m  OK  [0m] Listening on D-Bus System Message Bus Socket.
[[   19.609149] cloud-init[959]: |         +.=+=*=+|
[   19.723286] cloud-init[959]: |      . S.. XBo.*|
[   19.723494] cloud-init[959]: |       o o.oo=*o.|
[   19.723773] cloud-init[959]: |          .. ++  |
[   19.723964] cloud-init[959]: |               . |
[0;32m  OK  [0m] Listening on ACPID Listen Socket.
[   19.724475] cloud-init[959]: |                 |
[   19.724520] cloud-init[959]: +----[SHA256]-----+
[   19.733373] cloud-init[959]: Generating public/private ecdsa key pair.
[   19.733731] cloud-init[959]: Your identification has been saved in /etc/ssh/ssh_host_ecdsa_key.
[   19.733924] cloud-init[959]: Your public key has been saved in /etc/ssh/ssh_host_ecdsa_key.pub.
[[0;32m  OK  [0m] Started Message of the Day.
[[   19.734178] cloud-init[959]: The key fingerprint is:
[   19.751498] cloud-init[959]: SHA256:ZZn4UGhAQ1ugN9XJ6190STIR/iR9ZyJdzh83IkcL9iQ root@ubuntu-xenial
[0;32m  OK  [0m] Reached target Timers.
[[   19.751743] cloud-init[959]: The key's randomart image is:
[   19.815139] cloud-init[959]: +---[ECDSA 256]---+
[0;32m  OK  [0m] Listening on UUID daemon activation socket.
[   19.815354] cloud-init[959]: |     o*oo+.E =o .|
[[0;32m  OK  [0m] Reached target Cloud-config availability.
[   19.902033] cloud-init[959]: |     . =oo=oB+o= |
[   19.917338] cloud-init[959]: |    . +.o =o.B*=O|
[   19.919007] cloud-init[959]: |     . . =. o.*+O|
[   19.921962] cloud-init[959]: |        S..  . o.|
[   19.924222] cloud-init[959]: |          .   .  |
[[   19.932096] cloud-init[959]: |           . .   |
[   19.933031] cloud-init[959]: |            .    |
[   19.933317] cloud-init[959]: |                 |
[   19.933362] cloud-init[959]: +----[SHA256]-----+
[   19.933474] cloud-init[959]: Generating public/private ed25519 key pair.
[   19.933569] cloud-init[959]: Your identification has been saved in /etc/ssh/ssh_host_ed25519_key.
[0;32m  OK  [0m] Listening on LXD - unix socket.
[[   19.933622] cloud-init[959]: Your public key has been saved in /etc/ssh/ssh_host_ed25519_key.pub.
[   19.954778] cloud-init[959]: The key fingerprint is:
[   19.955023] cloud-init[959]: SHA256:m7JUPlJY+eYu1AOmzHRyX0o3jVMzVdjtba9e3rLdEZM root@ubuntu-xenial
[   19.955298] cloud-init[959]: The key's randomart image is:
[   19.955596] cloud-init[959]: +--[ED25519 256]--+
[   19.955880] cloud-init[959]: |               +=|
[   19.956470] cloud-init[959]: |         .    = o|
[   19.957129] cloud-init[959]: |        o    + +.|
[   19.957480] cloud-init[959]: |      oo=.. * . =|
[   19.957732] cloud-init[959]: |     +.*S=o+ o E.|
[   19.957984] cloud-init[959]: |      ++.==     +|
[   19.958763] cloud-init[959]: |      +.= ..   o.|
[   19.959087] cloud-init[959]: |     . +.o    o++|
[   19.959375] cloud-init[959]: |      .  ..  .oo=|
[   19.959722] cloud-init[959]: +----[SHA256]-----+
[0;32m  OK  [0m] Listening on Socket activation for snappy daemon.
[[0;32m  OK  [0m] Started iSCSI initiator daemon (iscsid).
         Starting Login to default iSCSI targets...
[[0;32m  OK  [0m] Reached target Sockets.
[[0;32m  OK  [0m] Reached target Basic System.
         Starting /etc/rc.local Compatibility...
[[0;32m  OK  [0m] Started ACPI event daemon.
[[0;32m  OK  [0m] Started Deferred execution scheduler.
[[0;32m  OK  [0m] Started D-Bus System Message Bus.
[[0;32m  OK  [0m] Started FUSE filesystem for LXC.
         Starting LSB: Record successful boot for GRUB...
         Starting Snap Daemon...
         Starting System Logging Service...
         Starting Accounts Service...
         Starting Virtualbox guest utils...
         Starting Login Service...
         Starting Pollinate to seed the pseudo random number generator...
[[0;32m  OK  [0m] Started Regular background program processing daemon.
         Starting LSB: MD monitoring daemon...
         Starting LXD - container startup/shutdown...
[[0;32m  OK  [0m] Started System Logging Service.
[[0;32m  OK  [0m] Started /etc/rc.local Compatibility.
[[0;32m  OK  [0m] Started Login Service.
[[0;32m  OK  [0m] Started LSB: MD monitoring daemon.
[[0;32m  OK  [0m] Started LSB: Record successful boot for GRUB.
[[0;32m  OK  [0m] Started Virtualbox guest utils.
[[0;32m  OK  [0m] Started Login to default iSCSI targets.
[[0;32m  OK  [0m] Reached target Remote File Systems (Pre).
[[0;32m  OK  [0m] Reached target Remote File Systems.
         Starting LSB: Set the CPU Frequency Scaling governor to "ondemand"...
         Starting LSB: automatic crash report generation...
         Starting Permit User Sessions...
         Starting LSB: daemon to balance interrupts for SMP systems...
[[0;32m  OK  [0m] Started Unattended Upgrades Shutdown.
         Starting Authenticate and Authorize Users to Run Privileged Tasks...
[[0;32m  OK  [0m] Started Snap Daemon.
[[0;32m  OK  [0m] Started LXD - container startup/shutdown.
[[0;32m  OK  [0m] Started Permit User Sessions.
         Starting Hold until boot process finishes up...
         Starting Terminate Plymouth Boot Screen...
         Starting Wait until snapd is fully seeded...
[[0;32m  OK  [0m] Started Hold until boot process finishes up.
[[0;32m  OK  [0m] Started Terminate Plymouth Boot Screen.
[[0;32m  OK  [0m] Started Authenticate and Authorize Users to Run Privileged Tasks.
[[0;32m  OK  [0m] Started Accounts Service.
[[0;32m  OK  [0m] Started Serial Getty on ttyS0.
         Starting Set console scheme...
[[0;32m  OK  [0m] Started Getty on tty1.
[[0;32m  OK  [0m] Reached target Login Prompts.
[[0;32m  OK  [0m] Started LSB: Set the CPU Frequency Scaling governor to "ondemand".
[[0;32m  OK  [0m] Started LSB: automatic crash report generation.
[[0;32m  OK  [0m] Started LSB: daemon to balance interrupts for SMP systems.
[[0;32m  OK  [0m] Started Set console scheme.
[[0;32m  OK  [0m] Started Pollinate to seed the pseudo random number generator.
         Starting OpenBSD Secure Shell server...
[[0;32m  OK  [0m] Started OpenBSD Secure Shell server.
[[0;32m  OK  [0m] Started Wait until snapd is fully seeded.
         Starting Apply the settings specified in cloud-config...
[[0;32m  OK  [0m] Reached target Multi-User System.
[[0;32m  OK  [0m] Reached target Graphical Interface.
         Starting Update UTMP about System Runlevel Changes...
[[0;32m  OK  [0m] Started Update UTMP about System Runlevel Changes.
[   23.189861] cloud-init[1307]: Generating locales (this might take a while)...
[   23.984964] cloud-init[1307]:   en_US.UTF-8... done
[   24.013225] cloud-init[1307]: Generation complete.
[   24.258949] cloud-init[1307]: Cloud-init v. 20.2-45-g5f7825e2-0ubuntu1~16.04.1 running 'modules:config' at Wed, 30 Sep 2020 21:35:52 +0000. Up 23.07 seconds.
[[0;32m  OK  [0m] Started Apply the settings specified in cloud-config.
         Starting Execute cloud user/final scripts...
ci-info: no authorized SSH keys fingerprints found for user ubuntu.
<14>Sep 30 21:35:54 ec2: 
<14>Sep 30 21:35:54 ec2: #############################################################
<14>Sep 30 21:35:54 ec2: -----BEGIN SSH HOST KEY FINGERPRINTS-----
<14>Sep 30 21:35:54 ec2: 1024 SHA256:ci31xhcP36fDoFBUORHi0U86K9S17NKFbkb1C+ZkmDE root@ubuntu-xenial (DSA)
<14>Sep 30 21:35:54 ec2: 256 SHA256:ZZn4UGhAQ1ugN9XJ6190STIR/iR9ZyJdzh83IkcL9iQ root@ubuntu-xenial (ECDSA)
<14>Sep 30 21:35:54 ec2: 256 SHA256:m7JUPlJY+eYu1AOmzHRyX0o3jVMzVdjtba9e3rLdEZM root@ubuntu-xenial (ED25519)
<14>Sep 30 21:35:54 ec2: 2048 SHA256:xR4h+w5C9iBK9e4083VUknENXaTZPRSc4YNrRAVCw00 root@ubuntu-xenial (RSA)
<14>Sep 30 21:35:54 ec2: -----END SSH HOST KEY FINGERPRINTS-----
<14>Sep 30 21:35:54 ec2: #############################################################
-----BEGIN SSH HOST KEY KEYS-----
ecdsa-sha2-nistp256 AAAAE2VjZHNhLXNoYTItbmlzdHAyNTYAAAAIbmlzdHAyNTYAAABBBKagB5iwl6lxlj4eIZnsVrnLVSwaf7tXrIluuSU32lD4BXA7TWx9U4lzDqaQH38P8ljqOsh1rUokn56ZazByBB4= root@ubuntu-xenial
ssh-ed25519 AAAAC3NzaC1lZDI1NTE5AAAAIElstuPQxjw+q4MY3o2N49QqGinrct231T4gkdYzshsY root@ubuntu-xenial
ssh-rsa AAAAB3NzaC1yc2EAAAADAQABAAABAQCtcIs9KVPjbEcn/5pk8XRx8kpEn8ZXDs8q0hbk3unA9ls9HuE7THtv/sXc6/IDoeTexv/8nAyJLz4pgNsBJlJocI8l5/WODfHtPHYt2K7dICD+dJXtc/CMMnklMwhAEHYHVllrRdT0aEwpC3SFvmIls4F7PYuFjC5F1rYnqf+/nVFn5zK4KLe/ofPDcoUFA1HGYoIaq3w1wIHVrTBf5H4NsUjI8LykEnA1EXvuX8VYA6YKFE03xmkm5wVywKLeTX8LfaruEmbw23jHwhh6Q93woowmbclO/ZkiARnDLywzVx0/TY83p5SkeqNkWIc6/zxg+XrSI8kqHtVKVc8bPuSL root@ubuntu-xenial
-----END SSH HOST KEY KEYS-----
[   25.191668] cloud-init[1351]: Cloud-init v. 20.2-45-g5f7825e2-0ubuntu1~16.04.1 running 'modules:final' at Wed, 30 Sep 2020 21:35:54 +0000. Up 24.61 seconds.
[   25.213279] cloud-init[1351]: ci-info: no authorized SSH keys fingerprints found for user ubuntu.
[   25.216206] cloud-init[1351]: Cloud-init v. 20.2-45-g5f7825e2-0ubuntu1~16.04.1 finished at Wed, 30 Sep 2020 21:35:54 +0000. Datasource DataSourceNoCloud [seed=/dev/sdb][dsmode=net].  Up 25.18 seconds
[[0;32m  OK  [0m] Started Execute cloud user/final scripts.
[[0;32m  OK  [0m] Reached target Cloud-init target.

Ubuntu 16.04.7 LTS ubuntu-xenial ttyS0

ubuntu-xenial login: 