[  00000] Initializing cgroup subsys cpuset
[    0.000000] Initializing cgroup subsys cpu
[    0.000000] Initializing cgroup subsys cpuacct
[    0.000000] Linux version 4.4.0-189-generic (buildd@lgw01-amd64-047) (gcc version 5.4.0 20160609 (Ubuntu 5.4.0-6ubuntu1~16.04.12) ) #219-Ubuntu SMP Tue Aug 11 12:26:50 UTC 2020 (Ubuntu 4.4.0-189.219-generic 4.4.232)
[    0.000000] Command line: BOOT_IMAGE=/boot/vmlinuz-4.4.0-189-generic root=LABEL=cloudimg-rootfs ro console=tty1 console=ttyS0
[    0.000000] KERNEL supported cpus:
[    0.000000]   Intel GenuineIntel
[    0.000000]   AMD AuthenticAMD
[    0.000000]   Centaur CentaurHauls
[    0.000000] x86/fpu: xstate_offset[2]:  576, xstate_sizes[2]:  256
[    0.000000] x86/fpu: Supporting XSAVE feature 0x01: 'x87 floating point registers'
[    0.000000] x86/fpu: Supporting XSAVE feature 0x02: 'SSE registers'
[    0.000000] x86/fpu: Supporting XSAVE feature 0x04: 'AVX registers'
[    0.000000] x86/fpu: Enabled xstate features 0x7, context size is 832 bytes, using 'standard' format.
[    0.000000] e820: BIOS-providedhysical RAM map:
[    0.000000] BIOS-e820: [mem 0x0000000000000000-0x000000000009fbff] usable
[    0.000000] BIOS-e820: [mem 0x000000000009fc00-0x000000000009ffff] reserved
[    0.000000] BIOS-e820: [mem 0x00000000000f0000-0x00000000000fffff] reserved
[    0.000000] BIOS-e820: [mem 0x0000000000100000-0x000000003ffeffff] usable
[    0.000000] BIOS-e820: [mem 0x000000003fff0000-0x000000003fffffff] ACPI data
[    0.000000] BIOS-e820: [mem 0x00000000fec00000-0x00000000fec00fff] reserved
[    0.000000] BIOS-e820: [mem 0x00000000fee00000-0x00000000fee00fff] reserved
[    0.000000] BIOS-e820: [mem 0x00000000fffc0000-0x00000000ffffffff] reserved
[    0.000000] NX  (Execute Disable) protection: active
[    0.000000] SMBIOS 2.5 present.
[    0.000000] Hypervisor detected: KVM
[    0.000000] e820: last_pfn = 0x3fff0 max_arch_pfn = 0x400000000
[    0.000000] MTRR: Disabled
[    0.000000] x86/PAT: MTRRs disabled, skipping PAT initialization too.
[    0.000000] CPU MTRRs all blank - virtualized system.
[    0.000000] x86/PAT: Configuration [0-7]: WB  WT  UC- UC  WB  WT  UC- UC  
[    0.000000] found SMP MP-table at [mem 0x0009fff0-0x0009ffff] mapped at [ffff88000009fff0]
[    0.000000] Scanning 1 areas for low memory corruption
[    0.000000] RAMDISK: [mem 0x362de000-0x37166fff]
[    0.000000] ACPI: Early table checksum verification disabled
[    0.000000] ACPI: RSDP 0x00000000000E0000 000024 v02 VBOX  )
    0.0000] ACPI XT 0x00000000FFF00 00C (v VX   VBOXXT 00001 ASL  0000001)[   .000] ACPI: FACP 0x000000003FFF00F0 0000F4 (v04 VBOX   VBOXFACP 00000001 ASL  00000061)
[    0.000000] ACPIDS 0x00000003F070 021FF(v02VBOX   VOXOS000000 IL 1005)    0.00] ACPI FS 00000003FFF0200 000040
[    0.000000] ACPI: FACS 0x000000003FF00 0040
[    0.000000]CPI:AP 000000003FF040005C (2 VBOX   VBOXAPIC 00000001 ASL  00000061)
[    0.000000] ACPI: SSDT 0x000000003FFF02A0 0001CC (v01 VBOX   VBOXCPUT 00000002 INTL 20100528)
[    0.000000] No NUMA configuration found
[    0.000000] Faking a node at [mem 0x0000000000000000-0x000000003ffeffff]
[    0.000000] NODE_DATA(0) allocated [mem 0x3ffeb000-0x3ffeffff]
[    0.000000] kvm-clock: Using msrs 4b564d01 and 4b564d00
[    0.000000] kvm-clock: cpu 0, msr 0:3ffe3001, primary cpu clock
[    0.000000] kvm-clock: using sched offset of 3306235721 cycles
[    0.000000] clocksource: kvm-clock: mask: 0xffffffffffffffff max_cycles: 0x1cd42e4dffb, max_idle_ns: 881590591483 ns
[    0.000000] Zone ranges:
[    0.000000]   DMA      [mem 0x0000000000001000-0x0000000000ffffff]
[    0.000000]   DMA32    [mem 0x0000000001000000-0x000000003ffeffff]
[    0.00000]   Normal   empty
[    0.000000]   Device   empty
[    0.000000] Movable zone tart for each node
[    0.000000] Early memory node ranges
[    0.000000]   node   0: [mem 0x0000000000001000-0x000000000009efff]
[    0.000000]   node   0: [mem 0x0000000000100000-0x000000003ffeffff]
[    0.000000] Initmem setup node 0 [mem 0x0000000000001000-0x000000003ffeffff]
[    0.000000] ACPI: PM-Timer IO Port: 0x4008
[    0.000000] IOAPIC[0]: apic_id 2, version 32, address 0xfec00000, GSI 0-23
[    0.000000] ACPI: INT_SRC_OVR (bus 0 bus_irq 0 global_irq 2 dfl dfl)
[    0.000000] ACPI: INT_SRC_OVR (bus 0 bus_irq 9 global_irq 9 low level)
[    0.000000] Using ACPI (MADT) for SMP configuration information
[    0.000000] smpboot: Allowing 2 CPUs, 0 hotplug CPUs
[    0.000000] PM: Registered nosave memory: [mem 0x00000000-0x00000fff]
[    0.000000] PM: Registeednosave memory: [mem 0x0009f000-0x0009ff][   0.000000] PM: Registered nosave memory: [mem 0x000a0000-0x000effff]
[    0.000000] PM: Registered nosave memory: [mem 0x000f0000-0x000fffff]
[    0.000] 820:[m 0x400000-0xfefff]available for PCI devices
[    0.000000] Booting paravirtualized kernel on KVM
[    0.000000] clocksource: refined-jiffies: mask: 0xffffffff max_cycles: 0xffffffff, max_idl_ns: 74551600211568 ns
[    0.000000] setup_percpu: N_CUS:5 ncpumk_ts:512 n_c_i:2 n_ne_ds1
[   .000] PERC: bedded 33 pgecp @ffff00c000 s51 r19d364 u0476
[    .000000] Bil1 zonelists  Ne order,mobiity grouping on.  Total pages: 257912
[    0.000000] Policy zone: DMA32
[    0.000000] Kernel command line: BOOT_IMAGE=/boot/vmlinuz-4.4.0-189-generic root=LABEL=cloudimg-rootfs ro console=tty1 console=ttyS0
[    0.000000] PID hash table entries: 4096 (order: 3, 32768 bytes)
[    0.0000] Memory: 997660K/104810K available (8636K kernel cod 1337 rdata 40Krodata, 92int, 196K bs,0460K reserved,0K cmareserd)
[   .000] SLUB: Wagn64, rd=0-3 MinOject0,PU=2 Nes
[   .000] Kernel/erag tables isolation: enle
[   0.0000 HerarhialCU ilenttio
    00000] 	Buldim adjtmen o lea fout to 64.
[    0.000000] 	RCU restricting CPUs from NR_CPUS=52 to nr_cpu_ids=2.
[    0.000000] RCU: Adjusting geometry for rcu_fanout_leaf=64, nr_cpu_ids=2
[    0.000000] NR_IRQS:33024 nr_irqs:440 16
[    0.000000] Console: colour VGA+ 80x25
[    0.000000] console [tty1] enabled
[    0.000000] console [ttyS0] enabled
[    0.000000] tsc: Detected 2207.998 MHz processor
[    3.443724] Calibrating delay loop (skipped) preset value.. 4415.99 BogoMIPS (lpj=8831992)
[    3.445537] pid_max: default: 32768 minimum: 301
[    3.446481] ACPI: Core revision 20150930
[    3.448023] ACPI:  2 ACPI AML tables successfully acquired and loaded
[    3.449474] Security Framework initialized
[    3.450406] Yama: becoming mindful.
[    3.455453] AppArmor: AppArmor initialized
[    3.458315] Dentry cache hash table entries: 131072 (order: 8, 1048576 bytes)
[    3.461077] Inode-cache hash table entries: 65536 (order: 7, 524288 bytes)
[    3.462488] Mount-cache hash table entries: 2048 (order: 2, 16384 bytes)
[    3.463901] Mountpoint-cache hash table entries: 2048 (order: 2, 16384 bytes)
[    3.465375] Initializing cgroup subsys io
[    3.466319] Initializing cgroup subsys memory
[    3.467416] Initializing cgroup subsys devices
[    3.468404] Initializing cgroup subsys freezer
[    3.469329] Initializing cgroup subsys net_cls
[    3.470248] Initializing cgroup subsys perf_event
[    3.476571] Initializing cgroup subsys net_prio
[    3.477516] Initializing cgroup subsys hugetlb
[    3.549114] Initializing cgroup subsys pids
[    3.635884] mce: CPU supports 0 MCE banks
[    3.724244] Last level iTLB entries: 4KB 64, 2MB 8, 4MB 8
[    3.840885] Last level dTLB entries: 4KB 64, 2MB 0, 4MB 0, 1GB 4
[    3.935779] Spectre V1 : Mitigation: usercopy/swapgs barriers and __user pointer sanitization
[    4.064660] Spectre V2 : Mitigation: Full generic retpoline
[    4.065800] Spectre V2 : Spectre v2 / SpectreRSB mitigation: Filling RSB on context switch
[    4.191088] Speculative Store Bypass: Vulnerable
[    4.283472] SRBDS: Unknown: Dependent on hypervisor status
[    4.371387] MDS: Mitigation: Clear CPU buffers
[    4.456895] Freeing SMP alternatives memory: 36K
[    4.531637] ftrace: allocating 32336 entries in 127 pages
[    4.578096] smpboot: APIC(0) Converting physical 0 to logical package 0
[    4.611273] smpboot: Max logical packages: 1
[    4.696990] x2apic enabled
[    4.736091] Switched APIC routing to physical x2apic.
[    4.849839] ..TIMER: vector=0x30 apic1=0 pin1=2 apic2=-1 pin2=-1
[    5.001420] smpboot: CPU0: Intel(R) Core(TM) i7-8750H CPU @ 2.20GHz (family: 0x6, model: 0x9e, stepping: 0xa)
[    5.070918] Performance Events: unsupported p6 CPU model 158 no PMU driver, software events only.
[    5.081174] KVM setup paravirtual spinlock
[    5.164030] x86: Booting SMP configuration:
[    5.262710] .... node  #0, CPUs:      #1
[    5.273986] kvm-clock: cpu 1, ssr 0:3ffe3041, secondary cpu clock
[    5.321007] mce: CPU supports 0 MCE banks
[    5.402707] x86: Booted up 1 node, 2 CPUs
[    5.460929] smpboot: Total of 2 processors activated (8831.99 BogoMIPS)
[    5.586100] devtmpfs: initialized
[    5.601838] evm: security.selinux
[    5.631809] evm: security.SMACK64
[    5.632737] evm: security.SMACK64EXEC
[    5.635242] evm: security.SMACK64TRANSMUTE
[    5.636154] evm: security.SMACK64MMAP
[    5.637187] evm: security.ima
[    5.637876] evm: security.capability
[    5.638860] clocksource: jiffies: mask: 0xffffffff max_cycles: 0xffffffff, max_idle_ns: 7645041785100000 ns
[    5.646281] futex hash table entries: 512 (order: 3, 32768 bytes)
[    5.647640] pinctrl core: initialized pinctrl subsystem
[    5.650313] RTC time: 14:25:12, date: 09/30/20
[    5.651596] NET: Registered protocol family 16
[    5.664470] cpuidle: using governor ladder
[    5.676874] cpuidle: using governor menu
[    5.678944] PCCT header not found.
[    5.679879] ACPI: bus type PCI registered
[    5.680768] acpiphp: ACPI Hot Plug PCI Controller Driver version: 0.5
[    5.682208] PCI: Using configuration type 1 for base access
[    5.693452] ACPI: Added _OSI(Module Device)
[    5.786595] ACPI: Added _OSI(Processor Device)
[    5.886361] ACPI: Added _OSI(3.0 _SCP Extensions)
[    5.937398] ACPI: Added _OSI(Processor Aggregator Device)
[    5.981281] ACPI: Executed 1 blocks of module-level executable AML code
[    6.080505] ACPI: Interpreter enabled
[    6.086817] ACPI: (supports S0 S5)
[    6.111387] ACPI: Using IOAPIC for interrupt routing
[    6.195854] PCI: Using host bridge windows from ACPI; if necessary, use "pci=nocrs" and report a bug
[    6.302194] ACPI: PCI Root Bridge [PCI0] (domain 0000 [bus 00-ff])
[    6.312396] acpi PNP0A03:00: _OSC: OS supports [ASPM ClockPM Segments MSI]
[    6.347562] acpi PNP0A03:00: _OSC: not requesting OS control; OS requires [ExtendedConfig ASPM ClockPM MSI]
[    6.432968] acpi PNP0A03:00: fail to add MMCONFIG information, can't access extended PCI configuration space under this bridge.
[    6.438766] PCI host bridge to bus 0000:00
[    6.476616] pci_bus 0000:00: root bus resource [io  0x0000-0x0cf7 window]
[    6.531818] pci_bus 0000:00: root bus resource [io  0x0d00-0xffff window]
[    6.588265] pci_bus 0000:00: root bus resource [mem 0x000a0000-0x000bffff window]
[    6.657639] pci_bus 0000:00: root bus resource [mem 0x40000000-0xfdffffff window]
[    6.738692] pci_bus 0000:00: root bus resource [bus 00-ff]
[    6.742805] pci 0000:00:01.1: legacy IDE quirk: reg 0x10: [io  0x01f0-0x01f7]
[    6.745118] pci 0000:00:01.1: legacy IDE quirk: reg 0x14: [io  0x03f6]
[    6.748382] pci 0000:00:01.1: legacy IDE quirk: reg 0x18: [io  0x0170-0x0177]
[    6.756963] pci 0000:00:01.1: legacy IDE quirk: reg 0x1c: [io  0x0376]
[    6.773244] pci 0000:00:07.0: quirk: [io  0x4000-0x403f] claimed by PIIX4 ACPI
[    6.785869] pci 0000:00:07.0: quirk: [io  0x4100-0x410f] claimed by PIIX4 SMB
[    6.798913] ACPI: PCI Interrupt Link [LNKA] (IRQs 5 9 10 *11)
[    6.800766] ACPI: PCI Interrupt Link [LNKB] (IRQs 5 9 *10 11)
[    6.802300] ACPI: PCI Interrupt Link [LNKC] (IRQs 5 *9 10 11)
[    6.803851] ACPI: PCI Interrupt Link [LNKD] (IRQs 5 9 10 *11)
[    6.850183] ACPI: Enabled 2 GPEs in block 00 to 07
[    6.853926] vgaarb: setting as boot device: PCI:0000:00:02.0
[    6.913290] vgaarb: device added: PCI:0000:00:02.0,decodes=io+mem,owns=io+mem,locks=none
[    6.967818] vgaarb: loaded
[    7.025119] vgaarb: bridge control possible 0000:00:02.0
[    7.034344] SCSI subsystem initialized
[    7.037178] ACPI: bus type USB registered
[    7.083581] usbcore: registered new interface driver usbfs
[    7.197940] usbcore: registered new interface driver hub
[    7.266554] usbcore: registered new device driver usb
[    7.275811] PCI: Using ACPI for IRQ routing
[    7.296902] NetLabel: Initializing
[    7.336778] NetLabel:  domain hash size = 128
[    7.428565] NetLabel:  protocols = UNLABELED CIPSOv4
[    7.530257] NetLabel:  unlabeled traffic allowed by default
[    7.623418] amd_nb: Cannot enumerate AMD northbridges
[    7.712899] clocksource: Switched to clocksource kvm-clock
[   7.8337] AppArmor: AppArmor Filesystem Enabled
[    7.904467] pnp: PnP ACPI init
[    7.906126] pnp: PnP ACPI: found 3 devices

[    7.915805] clocksource: acpi_pm: mask: 0xffff max_cycs: 0fff,axdle_: 85104 
[    .393 N: giered protocol family 2

[    8.598290] TCP establihehashtae entrie 82 rder 4656 ytes)
  8.9915TCbi hh ab entrie: 92(order:, 1072 byt)    9.557823TC Hastaesongud esblhe81 bind 8192)
[   10.081534] UDP hash table entries: 512 (order: 2, 16384 bytes)
[   10.02813] UDP-Lite hash table entries: 512 (order: 2, 16384 bytes)
[   10.104877] NET: Registered protocol family 1
[   10.105882] pci 0000:00:00.0: Limiting direct PCI/PCI transfers
[   10.107172] pci 0000:00:01.0: Activating ISA DMA hang workarounds
[   10.108705] Unpacking initramfs...

[   10.295341] Freeing initrd memory: 14884K
[   10.388120] clocksource: tsc: mask: 0xffffffffffffffff max_cycles: 0x1fd3b6211b4, max_idle_ns: 440795230313 ns
[   10.579716] platform rtc_cmos: registered platform RTC device (no PNP device found)
[   10.604546] Scanning for low memory corruption every 60 seconds
[   10.606094] audit: initializing netlink subsys (disabled)
[   10.608617] audit: type=2000 audit(1601475915.342:1): initialized
[   10.610055] Initialise system trusted keyring
[   10.611104] HugeTLB registered 2 MB page size, pre-allocated 0 pages
[   10.742955] zbud: loaded
[   10.806580] VFS: Disk quotas dquot_6.6.0
[   10.907451] VFS: Dquot-cache hash table entries: 512 (order 0, 4096 bytes)
[   11.018563] squashfs: version 4.0 (2009/01/31) Phillip Lougher
[   11.066553] fuse init (API version 7.23)
[   11.110911] Key type big_key registered
[   11.177687] Allocating IMA MOK and blacklist keyrings.
[   11.210850] Key type asymmetric registered
[   11.211891] Asymmetric key parser 'x509' registered
[   11.212992] Block layer SCSI generic (bsg) driver version 0.4 loaded (major 249)
[   11.214783] io scheduler noop registered
[   11.215694] io scheduler deadline registered (default)
[   11.216828] io scheduler cfq registered
[   11.217768] pci_hotplug: PCI Hot Plug PCI Core version: 0.5
[   11.218886] pciehp: PCI Express Hot Plug Controller Driver version: 0.4
[   11.220429] ACPI: AC Adapter [AC] (on-line)
[   11.221534] input: Power Button as /devices/LNXSYSTM:00/LNXPWRBN:00/input/input0
[   11.223121] ACPI: Power Button [PWRF]
[   11.223990] input: Sleep Button as /devices/LNXSYSTM:00/LNXSLPBN:00/input/input1
[   11.225563] ACPI: Sleep Button [SLPF]
[   11.227383] ACPI: Battery Slot [BAT0] (battery present)
[   11.228518] GHES: HEST is not enabled!
[   11.229852] Serial: 8250/16550 driver, 32 ports, IRQ sharing enabled
[   11.254187] 00:02: ttyS0 at I/O 0x3f8 (irq = 4, base_baud = 115200) is a 16550A
[   11.256877] Linux agpgart interface v0.103
[   11.259138] loop: module loaded
[   11.260480] scsi host0: ata_piix
[   11.261523] scsi host1: ata_piix
[   11.262354] ata1: PATA max UDMA/33 cmd 0x1f0 ctl 0x3f6 bmdma 0xd000 irq 14
[   11.263850] ata2: PATA max UDMA/33 cmd 0x170 ctl 0x376 bmdma 0xd008 irq 15
[   11.265532] libphy: Fixed MDIO Bus: probed
[   11.266944] tun: Universal TUN/TAP device driver, 1.6
[   11.268159] tun: (C) 1999-2004 Max Krasnyansky <maxk@qualcomm.com>
[   11.269495] PPP generic driver version 2.4.2
[   11.270433] ehci_hcd: USB 2.0 'Enhanced' Host Controller (EHCI) Driver
[   11.271724] ehci-pci: EHCI PCI platform driver
[   11.272701] ehci-platform: EHCI generic platform driver
[   11.280170] ohci_hcd: USB 1.1 'Open' Host Controller (OHCI) Driver
[   11.290138] ohci-pci: OHCI PCI platform driver
[   11.309736] ohci-platform: OHCI generic platform driver
[   11.310802] uhci_hcd: USB Universal Host Controller Interface driver
[   11.378806] i8042: PNP: PS/2 Controller [PNP0303:PS2K,PNP0f03:PS2M] at 0x60,0x64 irq 1,12
[   11.515166] serio: i8042 KBD port at 0x60,0x64 irq 1
[   11.562978] serio: i8042 AUX port at 0x60,0x64 irq 12
[   11.618721] mousedev: PS/2 mouse device common for all mice
[   11.727845] rtc_cmos rtc_cmos: rtc core: registered rtc_cmos as rtc0
[   11.848754] rtc_cmos rtc_cmos: alarms up to one day, 114 bytes nvram
[   11.941672] i2c /dev entries driver
[   12.061517] input: AT Translated Set 2 keyboard as /devices/platform/i8042/serio0/input/input2
[   12.119640] device-mapper: uevent: version 1.0.3
[   12.120647] device-mapper: ioctl: 4.34.0-ioctl (2015-10-28) initialised: dm-devel@redhat.com
[   12.122466] ledtrig-cpu: registered to indicate activity on CPUs
[   12.124334] NET: Registered protocol family 10
[   12.168311] NET: Registered protocol family 17
[   12.232092] Key type dns_resolver registered
[   12.296762] registered taskstats version 1
[   12.315172] Loading compiled-in X.509 certificates
[   12.318658] Loaded X.509 cert 'Build time autogenerated kernel key: 06f0812676e66a24038557b34a5a5205bffb6390'
[   12.320945] zswap: loaded using pool lzo/zbud
[   12.323784] Key type trusted registered
[   12.328431] Key type encrypted registered
[   12.329433] AppArmor: AppArmor sha1 policy hashing enabled
[   12.330639] ima: No TPM chip found, activating TPM-bypass!
[   12.331957] ima: Allocated hash algorithm: sha1
[   12.333006] evm: HMAC attrs: 0x1
[   12.334184]   Magic number: 4:134:436
[   12.335213] rtc_cmos rtc_cmos: setting system clock to 2020-09-30 14:25:19 UTC (1601475919)
[   12.337832] BIOS EDD facility v0.16 2004-Jun-25, 0 devices found
[   12.339072] EDD information not available.
[   12.341333] Freeing unused kernel memory: 1492K
[   12.352959] Write protecting the kernel read-only data: 14336k
[   12.354614] Freeing unused kernel memory: 1592K
[   12.355692] Freeing unused kernel memory: 56K
Loading, please wait...
starting version 229
[   12.368149] random: systemd-udevd: uninitialized urandom read (16 bytes read, 3 bits of entropy available)
[   12.368610] random: udevadm: uninitialized urandom read (16 bytes read, 3 bits of entropy available)
[   12.368633] random: udevadm: uninitialized urandom read (16 bytes read, 3 bits of entropy available)
[   12.375240] random: udevadm: uninitialized urandom read (16 bytes read, 3 bits of entropy available)
[   12.375282] random: udevadm: uninitialized urandom read (16 bytes read, 3 bits of entropy available)
[   12.375395] random: udevadm: uninitialized urandom read (16 bytes read, 3 bits of entropy available)
[   12.375442] random: udevadm: uninitialized urandom read (16 bytes read, 3 bits of entropy available)
[   12.375489] random: udevadm: uninitialized urandom read (16 bytes read, 3 bits of entropy available)
[   12.375537] random: udevadm: uninitialized urandom read (16 bytes read, 3 bits of entropy available)
[   12.375607] random: udevadm: uninitialized urandom read (16 bytes read, 3 bits of entropy available)
[   12.468382] e1000: Intel(R) PRO/1000 Network Driver - version 7.3.21-k8-NAPI
[   12.469926] e1000: Copyright (c) 1999-2006 Intel Corporation.
[   12.473859] Fusion MPT base driver 3.04.20
[   12.474866] Copyright (c) 1999-2008 LSI Corporation
[   12.486402] Fusion MPT SPI Host driver 3.04.20
[   12.620243] AVX2 version of gcm_enc/dec engaged.
[   12.685335] AES CTR mode by8 optimization enabled
[   12.779996] input: ImExPS/2 Generic Explorer Mouse as /devices/platform/i8042/serio1/input/input4
[   12.995107] e1000 0000:00:03.0 eth0: (PCI:33MHz:32-bit) 02:8f:67:5f:07:a5
[   13.077534] e1000 0000:00:03.0 eth0: Intel(R) PRO/1000 Network Connection
[   14.662490] e1000 0000:00:08.0 eth1: (PCI:33MHz:32-bit) 08:00:27:7a:8f:c1
[   14.805430] e1000 0000:00:08.0 eth1: Intel(R) PRO/1000 Network Connection
[   14.956961] e1000 0000:00:03.0 enp0s3: renamed from eth0
[   15.003193] mptbase: ioc0: Initiating bringup
[   15.017973] e1000 0000:00:08.0 enp0s8: renamed from eth1
[   15.069223] ioc0: LSI53C1030 A0: Capabilities={Initiator}
[   15.231443] scsi host2: ioc0: LSI53C1030 A0, FwRev=00000000h, Ports=1, MaxQ=256, IRQ=20
[   15.369551] scsi 2:0:0:0: Direct-Access     VBOX     HARDDISK         1.0  PQ: 0 ANSI: 5
[   15.556976] scsi target2:0:0: Beginning Domain Validation
[   15.587032] scsi target2:0:0: Domain Validation skipping write tests
[   15.615491] scsi target2:0:0: Ending Domain Validation
[   15.670295] scsi target2:0:0: asynchronous
[   15.679224] scsi 2:0:1:0: Direct-Access     VBOX     HARDDISK         1.0  PQ: 0 ANSI: 5
[   15.688572] scsi target2:0:1: Beginning Domain Validation
[   15.691390] scsi target2:0:1: Domain Validation skipping write tests
[   15.692646] scsi target2:0:1: Ending Domain Validation
[   15.693868] scsi target2:0:1: asynchronous
[   15.700967] sd 2:0:0:0: [sda] 20971520 512-byte logical blocks: (10.7 GB/10.0 GiB)
[   15.701024] sd 2:0:0:0: Attached scsi generic sg0 type 0
[   15.701539] sd 2:0:1:0: Attached scsi generic sg1 type 0
[   15.703983] sd 2:0:1:0: [sdb] 20480 512-byte logical blocks: (10.5 MB/10.0 MiB)
[   15.707127] sd 2:0:1:0: [sdb] Write Protect is off
[   15.707148] sd 2:0:0:0: [sda] Write Protect is off
[   15.707264] sd 2:0:0:0: [sda] Incomplete mode parameter data
[   15.707265] sd 2:0:0:0: [sda] Assuming drive cache: write through
[   15.714509]  sda: sda1
[   15.715243] sd 2:0:0:0: [sda] Attached SCSI disk
[   15.716652] sd 2:0:1:0: [sdb] Incomplete mode parameter data
[   15.718057] sd 2:0:1:0: [sdb] Assuming drive cache: write through
[   15.721582] sd 2:0:1:0: [sdb] Attached SCSI disk
Begin: Loading e[   16.994676] md: linear personality registered for level -1
ssential drivers ... [   17.086931] md: multipath personality registered for level -4
[   17.101294] md: raid0 personality registered for level 0
[   17.162400] md: raid1 personality registered for level 1
[   17.333056] raid6: sse2x1   gen() 12901 MB/s
[   17.469830] raid6: sse2x1   xor() 10152 MB/s
[   17.645287] raid6: sse2x2   gen() 16489 MB/s
[   17.813304] raid6: sse2x2   xor() 11295 MB/s
[   17.937217] raid6: sse2x4   gen() 18363 MB/s
[   18.008717] raid6: sse2x4   xor() 13280 MB/s
[   18.169829] raid6: avx2x1   gen() 23580 MB/s
[   18.321142] raid6: avx2x2   gen() 30245 MB/s
[   18.501131] raid6: avx2x4   gen() 32527 MB/s
[   18.587247] raid6: using algorithm avx2x4 gen() 32527 MB/s
[   18.662564] raid6: using avx2x2 recovery algorithm
[   18.672635] xor: automatically using best checksumming function:
[   18.845162]    avx       : 27336.000 MB/sec
[   18.898396] async_tx: api initialized (async)
[   18.995784] md: raid6 personality registered for level 6
[   19.006150] md: raid5 personality registered for level 5
[   19.007308] md: raid4 personality registered for level 4
[   19.014002] md: raid10 personality registered for level 10
done.
Begin: Running /scripts/init-premount ... done.
Begin: Mounting root file system ... Begin: Running /scripts/local-top ... done.
Begin: Running /scripts/local-premount ... [   19.039526] Btrfs loaded
Scanning for Btrfs filesystems
done.
Warning: fsck not present, so skipping root file system
[   19.064575] EXT4-fs (sda1): mounted filesystem with ordered data mode. Opts: (null)
done.
Begin: Running /scripts/local-bottom ... done.
Begin: Running /scripts/init-bottom ... done.
[   19.128221] systemd[1]: systemd 229 running in system mode. (+PAM +AUDIT +SELINUX +IMA +APPARMOR +SMACK +SYSVINIT +UTMP +LIBCRYPTSETUP +GCRYPT +GNUTLS +ACL +XZ -LZ4 +SECCOMP +BLKID +ELFUTILS +KMOD -IDN)
[   19.376251] systemd[1]: Detected virtualization oracle.
[   19.488044] systemd[1]: Detected architecture x86-64.

Welcome to [1mUbuntu 16.04.7 LTS[0m!

[   19.522555] systemd[1]: Set hostname to <ubuntu>.
[   19.524859] systemd[1]: Initializing machine ID from random generator.
[   19.526246] systemd[1]: Installed transient /etc/machine-id file.
[   19.605496] systemd[1]: Listening on udev Kernel Socket.
[[0;32m  OK  [0m] Listening on udev Kernel Socket.
[   19.608483] systemd[1]: Listening on udev Control Socket.
[[0;32m  OK  [0m] Listening on udev Control Socket.
[   19.617174] systemd[1]: Reached target System Time Synchronized.
[[0;32m  OK  [0m] Reached target System Time Synchronized.
[   19.620309] systemd[1]: Listening on Journal Audit Socket.
[[0;32m  OK  [0m] Listening on Journal Audit Socket.
[   19.651575] systemd[1]: Created slice User and Session Slice.
[[0;32m  OK  [0m] Created slice User and Session Slice.
[   19.659128] systemd[1]: Reached target Swap.
[[0;32m  OK  [0m] Reached target Swap.
[   19.686539] systemd[1]: Listening on Journal Socket.
[[0;32m  OK  [0m] Listening on Journal Socket.
[   19.697156] systemd[1]: Listening on LVM2 metadata daemon socket.
[[0;32m  OK  [0m] Listening on LVM2 metadata daemon socket.
[   19.700309] systemd[1]: Started Forward Password Requests to Wall Directory Watch.
[[0;32m  OK  [0m] Started Forward Password Requests to Wall Directory Watch.
[   19.708039] systemd[1]: Listening on /dev/initctl Compatibility Named Pipe.
[[0;32m  OK  [0m] Listening on /dev/initctl Compatibility Named Pipe.
[   19.711488] systemd[1]: Listening on Device-mapper event daemon FIFOs.
[[0;32m  OK  [0m] Listening on Device-mapper event daemon FIFOs.
[   19.729564] systemd[1]: Listening on Syslog Socket.
[[0;32m  OK  [0m] Listening on Syslog Socket.
[   19.732226] systemd[1]: Started Trigger resolvconf update for networkd DNS.
[[0;32m  OK  [0m] Started Trigger resolvconf update for networkd DNS.
[   19.747405] systemd[1]: Reached target User and Group Name Lookups.
[[0;32m  OK  [0m] Reached target User and Group Name Lookups.
[   19.750511] systemd[1]: Reached target Encrypted Volumes.
[[0;32m  OK  [0m] Reached target Encrypted Volumes.
[   19.753363] systemd[1]: Listening on LVM2 poll daemon socket.
[[0;32m  OK  [0m] Listening on LVM2 poll daemon socket.
[   19.756374] systemd[1]: Listening on Journal Socket (/dev/log).
[[0;32m  OK  [0m] Listening on Journal Socket (/dev/log).
[   19.759471] systemd[1]: Set up automount Arbitrary Executable File Formats File System Automount Point.
[[0;32m  OK  [0m] Set up automount Arbitrary Executab...ats File System Automount Point.
[   19.764793] systemd[1]: Created slice System Slice.
[[0;32m  OK  [0m] Created slice System Slice.
[   19.781250] systemd[1]: Starting Create list of required static device nodes for the current kernel...
         Starting Create list of required st... nodes for the current kernel...
[   19.785604] systemd[1]: Starting Nameserver information manager...
         Starting Nameserver information manager...
[   19.795966] systemd[1]: Starting Journal Service...
         Starting Journal Service...
[   19.808238] systemd[1]: Mounting Huge Pages File System...
         Mounting Huge Pages File System...
[   19.811619] systemd[1]: Created slice system-serial\x2dgetty.slice.
[[0;32m  OK  [0m] Created slice system-serial\x2dgetty.slice.
[   19.821580] systemd[1]: Mounting Debug File System...
         Mounting Debug File System...
[   19.855423] systemd[1]: Starting Load Kernel Modules...
         Starting Load Kernel Modules...
[   19.862369] systemd[1]: Mounting POSIX Message Queue File System...
[   19.864081] Loading iSCSI transport class v2.0-870.
         [   19.869082] iscsi: registered transport (tcp)
Mounting POSIX Message Queue File System...
[   19.875879] systemd[1]: Starting Monitoring of LVM2 mirrors, snapshots etc. using dmeventd or progress polling...
         Starting Monitoring of LVM2 mirrors... dmeventd or progress polling...
[   19.889353] systemd[1]: Starting Remount Root and Kernel File Systems...
         Starting Remount Root and Kernel File Systems...
[   19.903228] systemd[1]: Starting Uncomplicated firewall...
         Starting Uncomplicated firewall...
[   19.907150] systemd[1]: Starting Set console keymap...
         Starting Set console keymap...
[   19.910485] systemd[1]: Reached target Slices.
[[0;32m  OK  [0m] Reached target Slices.
[   19.913042] random: nonblocking pool is initialized
[   19.914599] EXT4-fs (sda1): re-mounted. Opts: (null)
[   19.917379] systemd[1]: Mounted Huge Pages File System.
[   19.918795] iscsi: registered transport (iser)
[[0;32m  OK  [0m] Mounted Huge Pages File System.
[   19.921274] systemd[1]: Mounted Debug File System.
[[0;32m  OK  [0m] Mounted Debug File System.
[   19.954564] systemd[1]: Mounted POSIX Message Queue File System.
[[0;32m  OK  [0m] Mounted POSIX Message Queue File System.
[   19.960247] systemd[1]: Started Journal Service.
[[0;32m  OK  [0m] Started Journal Service.
[[0;32m  OK  [0m] Started Create list of required sta...ce nodes for the current kernel.
[[0;32m  OK  [0m] Started Load Kernel Modules.
[[0;32m  OK  [0m] Started Remount Root and Kernel File Systems.
[[0;32m  OK  [0m] Started Uncomplicated firewall.
[[0;32m  OK  [0m] Started Set console keymap.
[[0;32m  OK  [0m] Started Nameserver information manager.
[[0;32m  OK  [0m] Started LVM2 metadata daemon.
         Starting Load/Save Random Seed...
         Starting udev Coldplug all Devices...
         Mounting FUSE Control File System...
         Starting Apply Kernel Variables...
         Starting Create Static Device Nodes in /dev...
         Starting Flush Journal to Persistent Storage...
[[0;32m  OK  [0m] Mounted FUSE Control File System.
[[0;32m  OK  [0m] Started Load/Save Random Seed.
[[0;32m  OK  [0m] Started Apply Kernel Variables.
[[0;32m  OK  [0m] Started Create Static Device Nodes in /dev.
         Starting udev Kernel Device Manager...
[[0;32m  OK  [0m] Started Flush Journal to Persistent Storage.
[[0;32m  OK  [0m] Started udev Kernel Device Manager.
[[0;32m  OK  [0m] Started udev Coldplug all Devices.
[[0;32m  OK  [0m] Started Dispatch Password Requests to Console Directory Watch.
[[0;32m  OK  [0m] Found device /dev/ttyS0.
[[0;32m  OK  [0m] Started Monitoring of LVM2 mirrors,...ng dmeventd or progress polling.
[[0;32m  OK  [0m] Reached target Local File Systems (Pre).
[[0;32m  OK  [0m] Reached target Local File Systems.
         Starting Set console font and keymap...
         Starting LSB: AppArmor initialization...
         Starting Create Volatile Files and Directories...
         Starting Commit a transient machine-id on disk...
         Starting Initial cloud-init job (pre-networking)...
         Starting Tell Plymouth To Write Out Runtime Data...
[[0;32m  OK  [0m] Started Create Volatile Files and Directories.
[[0;32m  OK  [0m] Started Commit a transient machine-id on disk.
[[0;32m  OK  [0m] Started Tell Plymouth To Write Out Runtime Data.
[[0;32m  OK  [0m] Listening on Load/Save RF Kill Switch Status /dev/rfkill Watch.
         Starting Update UTMP about System Boot/Shutdown...
[[0;32m  OK  [0m] Started Set console font and keymap.
[[0;32m  OK  [0m] Started Update UTMP about System Boot/Shutdown.
[[0;32m  OK  [0m] Created slice system-getty.slice.
[   14.387476] cloud-init[645]: Cloud-init v. 20.2-45-g5f7825e2-0ubuntu1~16.04.1 running 'init-local' at Wed, 30 Sep 2020 14:25:28 +0000. Up 14.09 seconds.
[[0;32m  OK  [0m] Started Initial cloud-init job (pre-networking).
[[0;32m  OK  [0m] Reached target Network (Pre).
[[0;32m  OK  [0m] Started LSB: AppArmor initialization.
         Starting Load AppArmor profiles managed internally by snapd...
         Starting Raise network interfaces...
[[0;32m  OK  [0m] Started Load AppArmor profiles managed internally by snapd.
[[0;32m  OK  [0m] Started Raise network interfaces.
         Starting Initial cloud-init job (metadata service crawler)...
[[0;32m  OK  [0m] Reached target Network.
[   15.300016] cloud-init[960]: Cloud-init v. 20.2-45-g5f7825e2-0ubuntu1~16.04.1 running 'init' at Wed, 30 Sep 2020 14:25:29 +0000. Up 14.87 seconds.
[   15.302765] cloud-init[960]: ci-info: ++++++++++++++++++++++++++++++++++++++Net device info++++++++++++++++++++++++++++++++++++++
[   15.316399] cloud-init[960]: ci-info: +--------+-------+---------------------------+---------------+--------+-------------------+
[[0;32m  OK  [0m] Started Initial cloud-init job (metadata service crawler).
[[0;32m  OK  [0m] Reached target Network is Online.
[   15.353054] cloud-init[960]: ci-info: | Device |   Up  |          Address          |      Mask     | Scope  |     Hw-Address    |
[   15.359581] cloud-init[960]: ci-info: +--------+-------+---------------------------+---------------+--------+-------------------+
[   15.363605] cloud-init[960]: ci-info: | enp0s3 |  True |         10.0.2.15         | 255.255.255.0 | global | 02:8f:67:5f:07:a5 |
[   15.366408] cloud-init[960]: ci-info: | enp0s3 |  True | fe80::8f:67ff:fe5f:7a5/64 |       .       |  link  | 02:8f:67:5f:07:a5 |
[   15.368881] cloud-init[960]: ci-info: | enp0s8 | False |             .             |       .       |   .    | 08:00:27:7a:8f:c1 |
[   15.371599] cloud-init[960]: ci-info: |   lo   |  True |         127.0.0.1         |   255.0.0.0   |  host  |         .         |
[   15.375805]          Starting iSCSI initiator daemon (iscsid)...
[[0;32m  OK  [0m] Reached target Cloud-config availability.
cloud-init[960]: ci-info: |   lo   |  True |          ::1/128          |       .       |  host  |         .         |
[   15.383424] [[0;32m  OK  [0m] Reached target System Initialization.
[[0;32m  OK  [0m] Listening on UUID daemon activation socket.
cloud-init[960]:          Starting LXD - unix socket.
[[0;32m  OK  [0m] Started Message of the Day.
[[0;32m  OK  [0m] Listening on ACPID Listen Socket.
ci-info: +--------+-------+---------------------------+---------------+--------+-------------------+
[   15.391206] [[0;32m  OK  [0m] Started Daily apt download activities.
cloud-init[960]: [[0;32m  OK  [0m] Started ACPI Events Check.
[[0;32m  OK  [0m] Reached target Paths.
[[0;32m  OK  [0m] Listening on D-Bus System Message Bus Socket.
[[0;32m  OK  [0m] Started Daily Cleanup of Temporary Directories.
[[0;32m  OK  [0m] Started Daily apt upgrade and clean activities.
         Starting Socket activation for snappy daemon.
ci-info: +++++++++++++++++++++++++++Route IPv4 info++++++++++++++++++++++++++++
[   15.402312] [[0;32m  OK  [0m] Reached target Timers.
cloud-init[960]: ci-info: +-------+-------------+----------+---------------+-----------+-------+
[   15.405917] cloud-init[960]: ci-info: | Route | Destination | Gateway  |    Genmask    | Interface | Flags |
[   15.408690] cloud-init[960]: ci-info: +-------+-------------+----------+---------------+-----------+-------+
[   15.411253] cloud-init[960]: ci-info: |   0   |   0.0.0.0   | 10.0.2.2 |    0.0.0.0    |   enp0s3  |   UG  |
[   15.417206] cloud-init[960]: ci-info: |   1   |   10.0.2.0  | 0.0.0.0  | 255.255.255.0 |   enp0s3  |   U   |
[   15.419627] cloud-init[[0;32m  OK  [0m] Listening on LXD - unix socket.
[[0;32m  OK  [0m] Listening on Socket activation for snappy daemon.
[[0;32m  OK  [0m] Reached target Sockets.
[[0;32m  OK  [0m] Reached target Basic System.
[960]: ci-info: +-------+-------------+----------+---------------+-----------+-------+
         Starting Pollinate to seed the pseudo random number generator...
[   15.424730] cloud-init[960]: ci-info: +++++++++++++++++++Route IPv6 info+++++++++++++++++++
[   15.433308] [[0;32m  OK  [0m] Started Regular background program processing daemon.
         Starting Login Service...
cloud-init[960]: ci-info: +-------+-------------+---------+-----------+-------+
[[0;32m  OK  [0m] Started ACPI event daemon.
[   15.439925] cloud-init[960]: ci-info: | Route | Destination | Gateway | Interface | Flags |
[   15.451628] cloud-init[960]: ci-info: +-------+-------------+---------+-----------+-------+
[   15.451985] cloud-init[960]: ci-info: |   0   |  fe80::/64  |    ::   |   enp0s3  |   U   |
[[0;32m  OK  [0m] Started FUSE filesystem for LXC.
[   15.452474] cloud-init[960]: ci-info: |   3   |   ff00::/8  |    ::   |   enp0s3  |   U   |
[   15.492069] cloud-init[960]: ci-info: +-------+-------------+---------+-----------+-------+
[   15.492397] cloud-init[960]: Generating public/private rsa key pair.
[   15.492581] cloud-init[960]: Your identification has been saved in /etc/ssh/ssh_host_rsa_key.
[   15.492770] cloud-init[960]: Your public key has been saved in /etc/ssh/ssh_host_rsa_key.pub.
[   15.492971] cloud-init[960]: The key fingerprint is:
[   15.493186] cloud-init[960]: SHA256:gwfSEDIXy6VGz28lulvWstM6Pq1i1+loUdd3Pz/37qQ root@ubuntu-xenial
[   15.493382] cloud-init[960]: The key's randomart image is:
[   15.493579] cloud-init[960]: +---[RSA 2048]----+
[   15.493773] cloud-init[960]: |  o *o.          |
[   15.494230] cloud-init[960]: |   * O           |
[   15.494430] cloud-init[960]: |    * = . .  .   |
[   15.494637] cloud-init[960]: |   . . = o. . . o|
[   15.494897] cloud-init[960]: |      o S. .   .o|
[   15.495086] cloud-init[960]: |       +.o     ..|
[   15.495273] cloud-init[960]: |      . +=..    +|
[   15.495459] cloud-init[960]: |      o+*+=    +o|
[   15.495672] cloud-init[960]: |     ..=*B.   EoB|
[   15.495853] cloud-init[960]: +----[SHA256]-----+
[   15.496254] cloud-init[960]: Generating public/private dsa key pair.
[   15.496472] cloud-init[960]: Your identification has been saved in /etc/ssh/ssh_host_dsa_key.
         Starting /etc/rc.local Compatibility...
[   15.496705] cloud-init[960]: Your public key has been saved in /etc/ssh/ssh_host_dsa_key.pub.
[   15.525654] cloud-init[960]: The key fingerprint is:
[   15.525976] cloud-init[960]: SHA256:kjrbB7bEnUhtR0AzNkGAFpGfFri/v4vJFJq/sL8woOA root@ubuntu-xenial
[   15.526200] cloud-init[960]: The key's randomart image is:
[   15.526472] cloud-init[960]: +---[DSA 1024]----+
[   15.526944] cloud-init[960]: |    o*.+Xo       |
[   15.527134] cloud-init[960]: |    = .. +.      |
[   15.527334] cloud-init[960]: |   . o + .       |
[   15.527534] cloud-init[960]: |    . =.o .      |
[   15.527720] cloud-init[960]: |. .  =++So       |
[   15.527907] cloud-init[960]: |o. . +Boo        |
[   15.528312] cloud-init[960]: |.E  Oo.+         |
[   15.528495] cloud-init[960]: |     %oo.        |
[   15.528701] cloud-init[960]: |    o.X=+o       |
[   15.528912] cloud-init[960]: +----[SHA256]-----+
[   15.529102] cloud-init[960]: Generating public/private ecdsa key pair.
[   15.529296] cloud-init[960]: Your identification has been saved in /etc/ssh/ssh_host_ecdsa_key.
[   15.529487] cloud-init[960]: Your public key has been saved in /etc/ssh/ssh_host_ecdsa_key.pub.
[   15.529675] cloud-init[960]: The key fingerprint is:
[   15.529864] cloud-init[960]: SHA256:b9q2swlt3icQIp3lxyBaIeYII8IutsvgPh4Cpa0Q174 root@ubuntu-xenial
[   15.530062] cloud-init[960]: The key's randomart image is:
[   15.530265] cloud-init[960]: +---[ECDSA 256]---+
[   15.530476] cloud-init[960]: |+ o   o ..       |
[   15.530664] cloud-init[960]: |.o + + .o o      |
[   15.530854] cloud-init[960]: |o o o .+ = o     |
[   15.531041] cloud-init[960]: |.O .  o + o o    |
[   15.531238] cloud-init[960]: |* o .  .S. o     |
[   15.531513] cloud-init[960]: |+o   .   o.      |
[   15.531684] cloud-init[960]: |*.. E   . =.     |
[   15.531874] cloud-init[960]: |.=.      Boo. .  |
         Starting LXD - container startup/shutdown...
[   15.531902] cloud-init[960]: |oo.     ..*+.o   |
[   15.563209] cloud-init[960]: +----[SHA256]-----+
[   15.563559] cloud-init[960]: Generating public/private ed25519 key pair.
[   15.563770] cloud-init[960]: Your identification has been saved in /etc/ssh/ssh_host_ed25519_key.
[   15.563987] cloud-init[960]: Your public key has been saved in /etc/ssh/ssh_host_ed25519_key.pub.
[   15.564378] cloud-init[960]: The key fingerprint is:
[   15.564583] cloud-init[960]: SHA256:MP1PntzahDgwBDn3B+NerXxDDFZSS+QYrvfAUmU7ffw root@ubuntu-xenial
[   15.564764] cloud-init[960]: The key's randomart image is:
[   15.565035] cloud-init[960]: +--[ED25519 256]--+
[   15.565224] cloud-init[960]: |      ..    o+B  |
[   15.565405] cloud-init[960]: |      oo. o.oO = |
[   15.565917] cloud-init[960]: |      oooo +++= +|
[   15.566068] cloud-init[960]: |       + .o+o +.o|
[   15.566249] cloud-init[960]: |        S.++=o  E|
[   15.566435] cloud-init[960]: |         o.Oo*o  |
[   15.566620] cloud-init[960]: |          o *.+. |
[   15.566805] cloud-init[960]: |           . +   |
[   15.567000] cloud-init[960]: |            . .  |
[   15.567185] cloud-init[960]: +----[SHA256]-----+
         Starting LSB: MD monitoring daemon...
[[0;32m  OK  [0m] Started Deferred execution scheduler.
         Starting LSB: Record successful boot for GRUB...
         Starting Virtualbox guest utils...
         Starting System Logging Service...
[[0;32m  OK  [0m] Started D-Bus System Message Bus.
         Starting Snap Daemon...
         Starting Accounts Service...
[[0;32m  OK  [0m] Started System Logging Service.
[[0;32m  OK  [0m] Started iSCSI initiator daemon (iscsid).
[[0;32m  OK  [0m] Started /etc/rc.local Compatibility.
[[0;32m  OK  [0m] Started LXD - container startup/shutdown.
         Starting Login to default iSCSI targets...
[[0;32m  OK  [0m] Started LSB: Record successful boot for GRUB.
[[0;32m  OK  [0m] Started LSB: MD monitoring daemon.
[[0;32m  OK  [0m] Started Login Service.
         Starting Authenticate and Authorize Users to Run Privileged Tasks...
[[0;32m  OK  [0m] Started Unattended Upgrades Shutdown.
[[0;32m  OK  [0m] Started Login to default iSCSI targets.
[[0;32m  OK  [0m] Reached target Remote File Systems (Pre).
[[0;32m  OK  [0m] Reached target Remote File Systems.
         Starting LSB: daemon to balance interrupts for SMP systems...
         Starting LSB: Set the CPU Frequency Scaling governor to "ondemand"...
         Starting LSB: automatic crash report generation...
         Starting Permit User Sessions...
[[0;32m  OK  [0m] Started Virtualbox guest utils.
[[0;32m  OK  [0m] Started Permit User Sessions.
[[0;32m  OK  [0m] Started Snap Daemon.
[[0;32m  OK  [0m] Started Authenticate and Authorize Users to Run Privileged Tasks.
[[0;32m  OK  [0m] Started Accounts Service.
         Starting Wait until snapd is fully seeded...
         Starting Terminate Plymouth Boot Screen...
         Starting Hold until boot process finishes up...
[[0;32m  OK  [0m] Started LSB: daemon to balance interrupts for SMP systems.
[[0;32m  OK  [0m] Started LSB: automatic crash report generation.
[[0;32m  OK  [0m] Started Terminate Plymouth Boot Screen.
[[0;32m  OK  [0m] Started Hold until boot process finishes up.
[[0;32m  OK  [0m] Started Getty on tty1.
[[0;32m  OK  [0m] Started Serial Getty on ttyS0.
[[0;32m  OK  [0m] Reached target Login Prompts.
         Starting Set console scheme...
[[0;32m  OK  [0m] Started LSB: Set the CPU Frequency Scaling governor to "ondemand".
[[0;32m  OK  [0m] Started Set console scheme.
[[0;32m  OK  [0m] Started Pollinate to seed the pseudo random number generator.
         Starting OpenBSD Secure Shell server...
[[0;32m  OK  [0m] Started OpenBSD Secure Shell server.
[[0;32m  OK  [0m] Started Wait until snapd is fully seeded.
         Starting Apply the settings specified in cloud-config...
[[0;32m  OK  [0m] Reached target Multi-User System.
[[0;32m  OK  [0m] Reached target Graphical Interface.
         Starting Update UTMP about System Runlevel Changes...
[[0;32m  OK  [0m] Started Update UTMP about System Runlevel Changes.
[   18.308515] cloud-init[1314]: Generating locales (this might take a while)...
[   18.956807] cloud-init[1314]:   en_US.UTF-8... done
[   18.984791] cloud-init[1314]: Generation complete.
[   19.157443] cloud-init[1314]: Cloud-init v. 20.2-45-g5f7825e2-0ubuntu1~16.04.1 running 'modules:config' at Wed, 30 Sep 2020 14:25:32 +0000. Up 18.23 seconds.
[[0;32m  OK  [0m] Started Apply the settings specified in cloud-config.
         Starting Execute cloud user/final scripts...
ci-info: no authorized SSH keys fingerprints found for user ubuntu.
<14>Sep 30 14:25:33 ec2: 
<14>Sep 30 14:25:33 ec2: #############################################################
<14>Sep 30 14:25:33 ec2: -----BEGIN SSH HOST KEY FINGERPRINTS-----
<14>Sep 30 14:25:33 ec2: 1024 SHA256:kjrbB7bEnUhtR0AzNkGAFpGfFri/v4vJFJq/sL8woOA root@ubuntu-xenial (DSA)
<14>Sep 30 14:25:33 ec2: 256 SHA256:b9q2swlt3icQIp3lxyBaIeYII8IutsvgPh4Cpa0Q174 root@ubuntu-xenial (ECDSA)
<14>Sep 30 14:25:33 ec2: 256 SHA256:MP1PntzahDgwBDn3B+NerXxDDFZSS+QYrvfAUmU7ffw root@ubuntu-xenial (ED25519)
<14>Sep 30 14:25:33 ec2: 2048 SHA256:gwfSEDIXy6VGz28lulvWstM6Pq1i1+loUdd3Pz/37qQ root@ubuntu-xenial (RSA)
<14>Sep 30 14:25:33 ec2: -----END SSH HOST KEY FINGERPRINTS-----
<14>Sep 30 14:25:33 ec2: #############################################################
-----BEGIN SSH HOST KEY KEYS-----
ecdsa-sha2-nistp256 AAAAE2VjZHNhLXNoYTItbmlzdHAyNTYAAAAIbmlzdHAyNTYAAABBBHOpTExGlFRkSEHTsc4ymLW4sapzsw5Uc5fDVHOY3ibl3JDQqR8Ck5wuXp0CkN/bJeRvl7XGFDsCViksVzN3KtY= root@ubuntu-xenial
ssh-ed25519 AAAAC3NzaC1lZDI1NTE5AAAAILUlmanwUxgfGTeru5V1JPoDPUluCSQMkHb4C8qBZVr+ root@ubuntu-xenial
ssh-rsa AAAAB3NzaC1yc2EAAAADAQABAAABAQCdjhex+Nex0HtFfvLfQB9pl7Lwxgj8tEWA143imTdPM4TngWf//BwxA+rKx2sUXo0eDWcsUkm2rjgPjESyYd1sdVTPt/7EkgY94nb+OZAjDLDeJ3d3bKPddDf6/v8CNnmNT3Doe71NnuR9JR2sR9I//kfpXChESoFwRt16HNcwkr+vZ2HjJ1PCHQPCrJjp7vvI6u0PL7cUpb0ln+ZcKtF9ho3biiptIQc0jUKxbftIYipPywvrnK7RYGU5eYNKr5nTRiJOohNVzeyHm+sYcQGZ/HcfuizOCfYkQSfJxin7HvYn4Wfjj40uaJb7kH7sH+n4aIC6Xm4gL5MKwPXPJ4cz root@ubuntu-xenial
-----END SSH HOST KEY KEYS-----
[   19.873718] cloud-init[1358]: Cloud-init v. 20.2-45-g5f7825e2-0ubuntu1~16.04.1 running 'modules:final' at Wed, 30 Sep 2020 14:25:33 +0000. Up 19.41 seconds.
[   19.876827] cloud-init[1358]: ci-info: no authorized SSH keys fingerprints found for user ubuntu.
[   19.878872] cloud-init[1358]: Cloud-init v. 20.2-45-g5f7825e2-0ubuntu1~16.04.1 finished at Wed, 30 Sep 2020 14:25:34 +0000. Datasource DataSourceNoCloud [seed=/dev/sdb][dsmode=net].  Up 19.86 seconds
[[0;32m  OK  [0m] Started Execute cloud user/final scripts.
[[0;32m  OK  [0m] Reached target Cloud-init target.

Ubuntu 16.04.7 LTS ubuntu-xenial ttyS0

ubuntu-xenial login: 